#0 building with "desktop-linux" instance using docker driver

#1 [internal] load build definition from Dockerfile
#1 transferring dockerfile: 418B done
#1 DONE 0.0s

#2 [internal] load metadata for docker.io/library/node:22-slim
#2 DONE 0.6s

#3 [internal] load .dockerignore
#3 transferring context: 66B done
#3 DONE 0.0s

#4 [1/8] FROM docker.io/library/node:22-slim@sha256:7378f5a4830ef48eb36d1abf4ef398391db562b5c41a0bded83192fbcea21cc8
#4 resolve docker.io/library/node:22-slim@sha256:7378f5a4830ef48eb36d1abf4ef398391db562b5c41a0bded83192fbcea21cc8 0.0s done
#4 CACHED

#5 [2/8] RUN apt-get update && apt-get install -y     make     g++     pkg-config     libcairo2-dev     libpango1.0-dev     libjpeg-dev     libgif-dev     librsvg2-dev     && rm -rf /var/lib/apt/lists/*
#5 ...

#6 [internal] load build context
#6 transferring context: 1.90kB done
#6 DONE 0.0s

#5 [2/8] RUN apt-get update && apt-get install -y     make     g++     pkg-config     libcairo2-dev     libpango1.0-dev     libjpeg-dev     libgif-dev     librsvg2-dev     && rm -rf /var/lib/apt/lists/*
#5 0.510 Get:1 http://deb.debian.org/debian bookworm InRelease [151 kB]
#5 0.607 Get:2 http://deb.debian.org/debian bookworm-updates InRelease [55.4 kB]
#5 0.645 Get:3 http://deb.debian.org/debian-security bookworm-security InRelease [48.0 kB]
#5 0.711 Get:4 http://deb.debian.org/debian bookworm/main amd64 Packages [8791 kB]
#5 1.831 Get:5 http://deb.debian.org/debian bookworm-updates/main amd64 Packages [6924 B]
#5 1.832 Get:6 http://deb.debian.org/debian-security bookworm-security/main amd64 Packages [290 kB]
#5 3.245 Fetched 9343 kB in 3s (3255 kB/s)
#5 3.245 Reading package lists...
#5 4.123 Reading package lists...
#5 4.864 Building dependency tree...
#5 5.024 Reading state information...
#5 5.206 The following additional packages will be installed:
#5 5.206   binutils binutils-common binutils-x86-64-linux-gnu ca-certificates cpp
#5 5.206   cpp-12 fontconfig fontconfig-config fonts-dejavu-core g++-12 gcc gcc-12
#5 5.206   gir1.2-freedesktop gir1.2-gdkpixbuf-2.0 gir1.2-glib-2.0 gir1.2-harfbuzz-0.0
#5 5.206   gir1.2-pango-1.0 gir1.2-rsvg-2.0 icu-devtools krb5-locales libabsl20220623
#5 5.206   libaom3 libasan8 libatomic1 libavif15 libbinutils libblkid-dev libbrotli-dev
#5 5.206   libbrotli1 libbsd0 libc-dev-bin libc-devtools libc6-dev libcairo-gobject2
#5 5.206   libcairo-script-interpreter2 libcairo2 libcc1-0 libcrypt-dev libctf-nobfd0
#5 5.206   libctf0 libdatrie-dev libdatrie1 libdav1d6 libde265-0 libdeflate-dev
#5 5.206   libdeflate0 libelf1 libexpat1 libexpat1-dev libffi-dev libfontconfig-dev
#5 5.206   libfontconfig1 libfreetype-dev libfreetype6 libfribidi-dev libfribidi0
#5 5.206   libgav1-1 libgcc-12-dev libgd3 libgdk-pixbuf-2.0-0 libgdk-pixbuf-2.0-dev
#5 5.207   libgdk-pixbuf2.0-bin libgdk-pixbuf2.0-common libgif7 libgirepository-1.0-1
#5 5.207   libglib2.0-0 libglib2.0-bin libglib2.0-data libglib2.0-dev
#5 5.207   libglib2.0-dev-bin libgomp1 libgpm2 libgprofng0 libgraphite2-3
#5 5.207   libgraphite2-dev libgssapi-krb5-2 libharfbuzz-dev libharfbuzz-gobject0
#5 5.207   libharfbuzz-icu0 libharfbuzz-subset0 libharfbuzz0b libheif1 libice-dev
#5 5.207   libice6 libicu-dev libicu72 libisl23 libitm1 libjansson4 libjbig-dev
#5 5.207   libjbig0 libjpeg62-turbo libjpeg62-turbo-dev libk5crypto3 libkeyutils1
#5 5.207   libkrb5-3 libkrb5support0 liblerc-dev liblerc4 liblsan0 liblzma-dev
#5 5.207   liblzo2-2 libmount-dev libmpc3 libmpfr6 libncursesw6 libnsl-dev libnsl2
#5 5.207   libnuma1 libpango-1.0-0 libpangocairo-1.0-0 libpangoft2-1.0-0
#5 5.207   libpangoxft-1.0-0 libpcre2-16-0 libpcre2-32-0 libpcre2-dev libpcre2-posix3
#5 5.207   libpixman-1-0 libpixman-1-dev libpkgconf3 libpng-dev libpng-tools
#5 5.207   libpng16-16 libpthread-stubs0-dev libpython3-stdlib libpython3.11-minimal
#5 5.207   libpython3.11-stdlib libquadmath0 librav1e0 libreadline8 librsvg2-2
#5 5.207   librsvg2-common libselinux1-dev libsepol-dev libsm-dev libsm6 libsqlite3-0
#5 5.207   libssl3 libstdc++-12-dev libsvtav1enc1 libthai-data libthai-dev libthai0
#5 5.207   libtiff-dev libtiff6 libtiffxx6 libtirpc-common libtirpc-dev libtirpc3
#5 5.208   libtsan2 libubsan1 libwebp-dev libwebp7 libwebpdemux2 libwebpmux3 libx11-6
#5 5.208   libx11-data libx11-dev libx265-199 libxau-dev libxau6 libxcb-render0
#5 5.208   libxcb-render0-dev libxcb-shm0 libxcb-shm0-dev libxcb1 libxcb1-dev
#5 5.208   libxdmcp-dev libxdmcp6 libxext-dev libxext6 libxft-dev libxft2 libxml2
#5 5.208   libxpm4 libxrender-dev libxrender1 libyuv0 libzstd-dev linux-libc-dev
#5 5.208   manpages manpages-dev media-types openssl pango1.0-tools pkgconf pkgconf-bin
#5 5.208   python3 python3-distutils python3-lib2to3 python3-minimal python3.11
#5 5.209   python3.11-minimal readline-common rpcsvc-proto shared-mime-info uuid-dev
#5 5.209   x11-common x11proto-core-dev x11proto-dev xdg-user-dirs xorg-sgml-doctools
#5 5.209   xtrans-dev zlib1g-dev
#5 5.212 Suggested packages:
#5 5.212   binutils-doc cpp-doc gcc-12-locales cpp-12-doc g++-multilib g++-12-multilib
#5 5.212   gcc-12-doc gcc-multilib autoconf automake libtool flex bison gdb gcc-doc
#5 5.212   gcc-12-multilib glibc-doc libcairo2-doc libdatrie-doc freetype2-doc
#5 5.212   libgd-tools low-memory-monitor libgirepository1.0-dev libglib2.0-doc
#5 5.212   libxml2-utils gpm libgraphite2-utils krb5-doc krb5-user libice-doc icu-doc
#5 5.212   liblzma-doc libpango1.0-doc librsvg2-bin librsvg2-doc libsm-doc
#5 5.212   libstdc++-12-doc libthai-doc libx11-doc libxcb-doc libxext-doc make-doc
#5 5.212   man-browser graphicsmagick python3-doc python3-tk python3-venv
#5 5.212   python3.11-venv python3.11-doc binfmt-support readline-doc
#5 6.783 The following NEW packages will be installed:
#5 6.783   binutils binutils-common binutils-x86-64-linux-gnu ca-certificates cpp
#5 6.783   cpp-12 fontconfig fontconfig-config fonts-dejavu-core g++ g++-12 gcc gcc-12
#5 6.783   gir1.2-freedesktop gir1.2-gdkpixbuf-2.0 gir1.2-glib-2.0 gir1.2-harfbuzz-0.0
#5 6.783   gir1.2-pango-1.0 gir1.2-rsvg-2.0 icu-devtools krb5-locales libabsl20220623
#5 6.783   libaom3 libasan8 libatomic1 libavif15 libbinutils libblkid-dev libbrotli-dev
#5 6.784   libbrotli1 libbsd0 libc-dev-bin libc-devtools libc6-dev libcairo-gobject2
#5 6.784   libcairo-script-interpreter2 libcairo2 libcairo2-dev libcc1-0 libcrypt-dev
#5 6.784   libctf-nobfd0 libctf0 libdatrie-dev libdatrie1 libdav1d6 libde265-0
#5 6.784   libdeflate-dev libdeflate0 libelf1 libexpat1 libexpat1-dev libffi-dev
#5 6.784   libfontconfig-dev libfontconfig1 libfreetype-dev libfreetype6 libfribidi-dev
#5 6.784   libfribidi0 libgav1-1 libgcc-12-dev libgd3 libgdk-pixbuf-2.0-0
#5 6.784   libgdk-pixbuf-2.0-dev libgdk-pixbuf2.0-bin libgdk-pixbuf2.0-common
#5 6.784   libgif-dev libgif7 libgirepository-1.0-1 libglib2.0-0 libglib2.0-bin
#5 6.784   libglib2.0-data libglib2.0-dev libglib2.0-dev-bin libgomp1 libgpm2
#5 6.785   libgprofng0 libgraphite2-3 libgraphite2-dev libgssapi-krb5-2 libharfbuzz-dev
#5 6.785   libharfbuzz-gobject0 libharfbuzz-icu0 libharfbuzz-subset0 libharfbuzz0b
#5 6.785   libheif1 libice-dev libice6 libicu-dev libicu72 libisl23 libitm1 libjansson4
#5 6.785   libjbig-dev libjbig0 libjpeg-dev libjpeg62-turbo libjpeg62-turbo-dev
#5 6.785   libk5crypto3 libkeyutils1 libkrb5-3 libkrb5support0 liblerc-dev liblerc4
#5 6.785   liblsan0 liblzma-dev liblzo2-2 libmount-dev libmpc3 libmpfr6 libncursesw6
#5 6.785   libnsl-dev libnsl2 libnuma1 libpango-1.0-0 libpango1.0-dev
#5 6.785   libpangocairo-1.0-0 libpangoft2-1.0-0 libpangoxft-1.0-0 libpcre2-16-0
#5 6.785   libpcre2-32-0 libpcre2-dev libpcre2-posix3 libpixman-1-0 libpixman-1-dev
#5 6.785   libpkgconf3 libpng-dev libpng-tools libpng16-16 libpthread-stubs0-dev
#5 6.785   libpython3-stdlib libpython3.11-minimal libpython3.11-stdlib libquadmath0
#5 6.786   librav1e0 libreadline8 librsvg2-2 librsvg2-common librsvg2-dev
#5 6.786   libselinux1-dev libsepol-dev libsm-dev libsm6 libsqlite3-0 libssl3
#5 6.786   libstdc++-12-dev libsvtav1enc1 libthai-data libthai-dev libthai0 libtiff-dev
#5 6.786   libtiff6 libtiffxx6 libtirpc-common libtirpc-dev libtirpc3 libtsan2
#5 6.787   libubsan1 libwebp-dev libwebp7 libwebpdemux2 libwebpmux3 libx11-6
#5 6.787   libx11-data libx11-dev libx265-199 libxau-dev libxau6 libxcb-render0
#5 6.788   libxcb-render0-dev libxcb-shm0 libxcb-shm0-dev libxcb1 libxcb1-dev
#5 6.788   libxdmcp-dev libxdmcp6 libxext-dev libxext6 libxft-dev libxft2 libxml2
#5 6.788   libxpm4 libxrender-dev libxrender1 libyuv0 libzstd-dev linux-libc-dev make
#5 6.788   manpages manpages-dev media-types openssl pango1.0-tools pkg-config pkgconf
#5 6.788   pkgconf-bin python3 python3-distutils python3-lib2to3 python3-minimal
#5 6.789   python3.11 python3.11-minimal readline-common rpcsvc-proto shared-mime-info
#5 6.789   uuid-dev x11-common x11proto-core-dev x11proto-dev xdg-user-dirs
#5 6.789   xorg-sgml-doctools xtrans-dev zlib1g-dev
#5 7.050 0 upgraded, 212 newly installed, 0 to remove and 0 not upgraded.
#5 7.050 Need to get 146 MB of archives.
#5 7.050 After this operation, 549 MB of additional disk space will be used.
#5 7.050 Get:1 http://deb.debian.org/debian-security bookworm-security/main amd64 libssl3 amd64 3.0.17-1~deb12u3 [2028 kB]
#5 7.775 Get:2 http://deb.debian.org/debian bookworm/main amd64 libpython3.11-minimal amd64 3.11.2-6+deb12u6 [817 kB]
#5 7.969 Get:3 http://deb.debian.org/debian bookworm/main amd64 libexpat1 amd64 2.5.0-1+deb12u2 [99.9 kB]
#5 7.992 Get:4 http://deb.debian.org/debian bookworm/main amd64 python3.11-minimal amd64 3.11.2-6+deb12u6 [2064 kB]
#5 8.285 Get:5 http://deb.debian.org/debian bookworm/main amd64 python3-minimal amd64 3.11.2-1+b1 [26.3 kB]
#5 8.288 Get:6 http://deb.debian.org/debian bookworm/main amd64 media-types all 10.0.0 [26.1 kB]
#5 8.296 Get:7 http://deb.debian.org/debian bookworm/main amd64 libncursesw6 amd64 6.4-4 [134 kB]
#5 8.320 Get:8 http://deb.debian.org/debian bookworm/main amd64 libkrb5support0 amd64 1.20.1-2+deb12u4 [33.2 kB]
#5 8.329 Get:9 http://deb.debian.org/debian bookworm/main amd64 libk5crypto3 amd64 1.20.1-2+deb12u4 [79.8 kB]
#5 8.343 Get:10 http://deb.debian.org/debian bookworm/main amd64 libkeyutils1 amd64 1.6.3-2 [8808 B]
#5 8.346 Get:11 http://deb.debian.org/debian bookworm/main amd64 libkrb5-3 amd64 1.20.1-2+deb12u4 [334 kB]
#5 8.406 Get:12 http://deb.debian.org/debian bookworm/main amd64 libgssapi-krb5-2 amd64 1.20.1-2+deb12u4 [135 kB]
#5 8.431 Get:13 http://deb.debian.org/debian bookworm/main amd64 libtirpc-common all 1.3.3+ds-1 [14.0 kB]
#5 8.434 Get:14 http://deb.debian.org/debian bookworm/main amd64 libtirpc3 amd64 1.3.3+ds-1 [85.2 kB]
#5 8.451 Get:15 http://deb.debian.org/debian bookworm/main amd64 libnsl2 amd64 1.3.0-2 [39.5 kB]
#5 8.456 Get:16 http://deb.debian.org/debian bookworm/main amd64 readline-common all 8.2-1.3 [69.0 kB]
#5 8.477 Get:17 http://deb.debian.org/debian bookworm/main amd64 libreadline8 amd64 8.2-1.3 [166 kB]
#5 8.506 Get:18 http://deb.debian.org/debian bookworm/main amd64 libsqlite3-0 amd64 3.40.1-2+deb12u2 [839 kB]
#5 8.667 Get:19 http://deb.debian.org/debian bookworm/main amd64 libpython3.11-stdlib amd64 3.11.2-6+deb12u6 [1798 kB]
#5 8.992 Get:20 http://deb.debian.org/debian bookworm/main amd64 python3.11 amd64 3.11.2-6+deb12u6 [573 kB]
#5 9.092 Get:21 http://deb.debian.org/debian bookworm/main amd64 libpython3-stdlib amd64 3.11.2-1+b1 [9312 B]
#5 9.093 Get:22 http://deb.debian.org/debian bookworm/main amd64 python3 amd64 3.11.2-1+b1 [26.3 kB]
#5 9.096 Get:23 http://deb.debian.org/debian-security bookworm-security/main amd64 openssl amd64 3.0.17-1~deb12u3 [1434 kB]
#5 9.350 Get:24 http://deb.debian.org/debian bookworm/main amd64 ca-certificates all 20230311+deb12u1 [155 kB]
#5 9.379 Get:25 http://deb.debian.org/debian bookworm/main amd64 krb5-locales all 1.20.1-2+deb12u4 [63.4 kB]
#5 9.387 Get:26 http://deb.debian.org/debian bookworm/main amd64 manpages all 6.03-2 [1332 kB]
#5 9.616 Get:27 http://deb.debian.org/debian bookworm/main amd64 binutils-common amd64 2.40-2 [2487 kB]
#5 10.03 Get:28 http://deb.debian.org/debian bookworm/main amd64 libbinutils amd64 2.40-2 [572 kB]
#5 10.13 Get:29 http://deb.debian.org/debian bookworm/main amd64 libctf-nobfd0 amd64 2.40-2 [153 kB]
#5 10.15 Get:30 http://deb.debian.org/debian bookworm/main amd64 libctf0 amd64 2.40-2 [89.8 kB]
#5 10.16 Get:31 http://deb.debian.org/debian bookworm/main amd64 libgprofng0 amd64 2.40-2 [812 kB]
#5 10.29 Get:32 http://deb.debian.org/debian bookworm/main amd64 libjansson4 amd64 2.14-2 [40.8 kB]
#5 10.29 Get:33 http://deb.debian.org/debian bookworm/main amd64 binutils-x86-64-linux-gnu amd64 2.40-2 [2246 kB]
#5 10.65 Get:34 http://deb.debian.org/debian bookworm/main amd64 binutils amd64 2.40-2 [65.0 kB]
#5 10.66 Get:35 http://deb.debian.org/debian bookworm/main amd64 libisl23 amd64 0.25-1.1 [683 kB]
#5 10.78 Get:36 http://deb.debian.org/debian bookworm/main amd64 libmpfr6 amd64 4.2.0-1 [701 kB]
#5 10.88 Get:37 http://deb.debian.org/debian bookworm/main amd64 libmpc3 amd64 1.3.1-1 [51.5 kB]
#5 10.89 Get:38 http://deb.debian.org/debian bookworm/main amd64 cpp-12 amd64 12.2.0-14+deb12u1 [9768 kB]
#5 12.39 Get:39 http://deb.debian.org/debian bookworm/main amd64 cpp amd64 4:12.2.0-3 [6836 B]
#5 12.39 Get:40 http://deb.debian.org/debian bookworm/main amd64 libbrotli1 amd64 1.0.9-2+b6 [275 kB]
#5 12.43 Get:41 http://deb.debian.org/debian-security bookworm-security/main amd64 libpng16-16 amd64 1.6.39-2+deb12u1 [276 kB]
#5 12.46 Get:42 http://deb.debian.org/debian bookworm/main amd64 libfreetype6 amd64 2.12.1+dfsg-5+deb12u4 [398 kB]
#5 12.52 Get:43 http://deb.debian.org/debian bookworm/main amd64 fonts-dejavu-core all 2.37-6 [1068 kB]
#5 12.66 Get:44 http://deb.debian.org/debian bookworm/main amd64 fontconfig-config amd64 2.14.1-4 [315 kB]
#5 12.71 Get:45 http://deb.debian.org/debian bookworm/main amd64 libfontconfig1 amd64 2.14.1-4 [386 kB]
#5 12.77 Get:46 http://deb.debian.org/debian bookworm/main amd64 fontconfig amd64 2.14.1-4 [449 kB]
#5 12.83 Get:47 http://deb.debian.org/debian bookworm/main amd64 libcc1-0 amd64 12.2.0-14+deb12u1 [41.7 kB]
#5 12.83 Get:48 http://deb.debian.org/debian bookworm/main amd64 libgomp1 amd64 12.2.0-14+deb12u1 [116 kB]
#5 12.87 Get:49 http://deb.debian.org/debian bookworm/main amd64 libitm1 amd64 12.2.0-14+deb12u1 [26.1 kB]
#5 12.87 Get:50 http://deb.debian.org/debian bookworm/main amd64 libatomic1 amd64 12.2.0-14+deb12u1 [9376 B]
#5 12.87 Get:51 http://deb.debian.org/debian bookworm/main amd64 libasan8 amd64 12.2.0-14+deb12u1 [2193 kB]
#5 13.15 Get:52 http://deb.debian.org/debian bookworm/main amd64 liblsan0 amd64 12.2.0-14+deb12u1 [969 kB]
#5 13.29 Get:53 http://deb.debian.org/debian bookworm/main amd64 libtsan2 amd64 12.2.0-14+deb12u1 [2197 kB]
#5 13.63 Get:54 http://deb.debian.org/debian bookworm/main amd64 libubsan1 amd64 12.2.0-14+deb12u1 [883 kB]
#5 13.76 Get:55 http://deb.debian.org/debian bookworm/main amd64 libquadmath0 amd64 12.2.0-14+deb12u1 [145 kB]
#5 13.78 Get:56 http://deb.debian.org/debian bookworm/main amd64 libgcc-12-dev amd64 12.2.0-14+deb12u1 [2437 kB]
#5 14.15 Get:57 http://deb.debian.org/debian bookworm/main amd64 gcc-12 amd64 12.2.0-14+deb12u1 [19.3 MB]
#5 16.80 Get:58 http://deb.debian.org/debian bookworm/main amd64 gcc amd64 4:12.2.0-3 [5216 B]
#5 16.80 Get:59 http://deb.debian.org/debian bookworm/main amd64 libc-dev-bin amd64 2.36-9+deb12u13 [47.4 kB]
#5 16.80 Get:60 http://deb.debian.org/debian-security bookworm-security/main amd64 linux-libc-dev amd64 6.1.158-1 [2204 kB]
#5 17.13 Get:61 http://deb.debian.org/debian bookworm/main amd64 libcrypt-dev amd64 1:4.4.33-2 [118 kB]
#5 17.14 Get:62 http://deb.debian.org/debian bookworm/main amd64 libtirpc-dev amd64 1.3.3+ds-1 [191 kB]
#5 17.14 Get:63 http://deb.debian.org/debian bookworm/main amd64 libnsl-dev amd64 1.3.0-2 [66.4 kB]
#5 17.15 Get:64 http://deb.debian.org/debian bookworm/main amd64 rpcsvc-proto amd64 1.4.3-1 [63.3 kB]
#5 17.16 Get:65 http://deb.debian.org/debian bookworm/main amd64 libc6-dev amd64 2.36-9+deb12u13 [1904 kB]
#5 17.46 Get:66 http://deb.debian.org/debian bookworm/main amd64 libstdc++-12-dev amd64 12.2.0-14+deb12u1 [2047 kB]
#5 17.75 Get:67 http://deb.debian.org/debian bookworm/main amd64 g++-12 amd64 12.2.0-14+deb12u1 [10.7 MB]
#5 19.20 Get:68 http://deb.debian.org/debian bookworm/main amd64 g++ amd64 4:12.2.0-3 [1356 B]
#5 19.20 Get:69 http://deb.debian.org/debian bookworm/main amd64 libglib2.0-0 amd64 2.74.6-2+deb12u7 [1401 kB]
#5 19.39 Get:70 http://deb.debian.org/debian bookworm/main amd64 libgirepository-1.0-1 amd64 1.74.0-3 [101 kB]
#5 19.43 Get:71 http://deb.debian.org/debian bookworm/main amd64 gir1.2-glib-2.0 amd64 1.74.0-3 [159 kB]
#5 19.45 Get:72 http://deb.debian.org/debian bookworm/main amd64 gir1.2-freedesktop amd64 1.74.0-3 [37.2 kB]
#5 19.45 Get:73 http://deb.debian.org/debian bookworm/main amd64 libgdk-pixbuf2.0-common all 2.42.10+dfsg-1+deb12u2 [306 kB]
#5 19.49 Get:74 http://deb.debian.org/debian bookworm/main amd64 libicu72 amd64 72.1-3+deb12u1 [9376 kB]
#5 20.49 Get:75 http://deb.debian.org/debian bookworm/main amd64 libxml2 amd64 2.9.14+dfsg-1.3~deb12u4 [687 kB]
#5 20.57 Get:76 http://deb.debian.org/debian bookworm/main amd64 shared-mime-info amd64 2.2-1 [729 kB]
#5 20.66 Get:77 http://deb.debian.org/debian bookworm/main amd64 libjpeg62-turbo amd64 1:2.1.5-2 [166 kB]
#5 20.67 Get:78 http://deb.debian.org/debian bookworm/main amd64 libdeflate0 amd64 1.14-1 [61.4 kB]
#5 20.69 Get:79 http://deb.debian.org/debian bookworm/main amd64 libjbig0 amd64 2.1-6.1 [31.7 kB]
#5 20.69 Get:80 http://deb.debian.org/debian bookworm/main amd64 liblerc4 amd64 4.0.0+ds-2 [170 kB]
#5 20.70 Get:81 http://deb.debian.org/debian bookworm/main amd64 libwebp7 amd64 1.2.4-0.2+deb12u1 [286 kB]
#5 20.75 Get:82 http://deb.debian.org/debian-security bookworm-security/main amd64 libtiff6 amd64 4.5.0-6+deb12u3 [316 kB]
#5 20.79 Get:83 http://deb.debian.org/debian bookworm/main amd64 libgdk-pixbuf-2.0-0 amd64 2.42.10+dfsg-1+deb12u2 [138 kB]
#5 20.81 Get:84 http://deb.debian.org/debian bookworm/main amd64 gir1.2-gdkpixbuf-2.0 amd64 2.42.10+dfsg-1+deb12u2 [13.4 kB]
#5 20.81 Get:85 http://deb.debian.org/debian bookworm/main amd64 gir1.2-harfbuzz-0.0 amd64 6.0.0+dfsg-3 [1579 kB]
#5 21.02 Get:86 http://deb.debian.org/debian bookworm/main amd64 libfribidi0 amd64 1.0.8-2.1 [65.0 kB]
#5 21.03 Get:87 http://deb.debian.org/debian bookworm/main amd64 libgraphite2-3 amd64 1.3.14-1 [81.2 kB]
#5 21.03 Get:88 http://deb.debian.org/debian bookworm/main amd64 libharfbuzz0b amd64 6.0.0+dfsg-3 [1945 kB]
#5 21.26 Get:89 http://deb.debian.org/debian bookworm/main amd64 libthai-data all 0.1.29-1 [176 kB]
#5 21.28 Get:90 http://deb.debian.org/debian bookworm/main amd64 libdatrie1 amd64 0.2.13-2+b1 [43.3 kB]
#5 21.28 Get:91 http://deb.debian.org/debian bookworm/main amd64 libthai0 amd64 0.1.29-1 [57.5 kB]
#5 21.29 Get:92 http://deb.debian.org/debian bookworm/main amd64 libpango-1.0-0 amd64 1.50.12+ds-1 [212 kB]
#5 21.34 Get:93 http://deb.debian.org/debian bookworm/main amd64 libpixman-1-0 amd64 0.42.2-1 [546 kB]
#5 21.43 Get:94 http://deb.debian.org/debian bookworm/main amd64 libxau6 amd64 1:1.0.9-1 [19.7 kB]
#5 21.44 Get:95 http://deb.debian.org/debian bookworm/main amd64 libbsd0 amd64 0.11.7-2 [117 kB]
#5 21.46 Get:96 http://deb.debian.org/debian bookworm/main amd64 libxdmcp6 amd64 1:1.1.2-3 [26.3 kB]
#5 21.46 Get:97 http://deb.debian.org/debian bookworm/main amd64 libxcb1 amd64 1.15-1 [144 kB]
#5 21.49 Get:98 http://deb.debian.org/debian bookworm/main amd64 libx11-data all 2:1.8.4-2+deb12u2 [292 kB]
#5 21.55 Get:99 http://deb.debian.org/debian bookworm/main amd64 libx11-6 amd64 2:1.8.4-2+deb12u2 [760 kB]
#5 21.68 Get:100 http://deb.debian.org/debian bookworm/main amd64 libxcb-render0 amd64 1.15-1 [115 kB]
#5 21.70 Get:101 http://deb.debian.org/debian bookworm/main amd64 libxcb-shm0 amd64 1.15-1 [105 kB]
#5 21.72 Get:102 http://deb.debian.org/debian bookworm/main amd64 libxext6 amd64 2:1.3.4-1+b1 [52.9 kB]
#5 21.72 Get:103 http://deb.debian.org/debian bookworm/main amd64 libxrender1 amd64 1:0.9.10-1.1 [33.2 kB]
#5 21.73 Get:104 http://deb.debian.org/debian bookworm/main amd64 libcairo2 amd64 1.16.0-7 [575 kB]
#5 21.82 Get:105 http://deb.debian.org/debian bookworm/main amd64 libpangoft2-1.0-0 amd64 1.50.12+ds-1 [47.4 kB]
#5 21.83 Get:106 http://deb.debian.org/debian bookworm/main amd64 libpangocairo-1.0-0 amd64 1.50.12+ds-1 [34.2 kB]
#5 21.84 Get:107 http://deb.debian.org/debian bookworm/main amd64 libxft2 amd64 2.3.6-1 [61.8 kB]
#5 21.85 Get:108 http://deb.debian.org/debian bookworm/main amd64 libpangoxft-1.0-0 amd64 1.50.12+ds-1 [26.7 kB]
#5 21.85 Get:109 http://deb.debian.org/debian bookworm/main amd64 gir1.2-pango-1.0 amd64 1.50.12+ds-1 [37.4 kB]
#5 21.86 Get:110 http://deb.debian.org/debian bookworm/main amd64 libcairo-gobject2 amd64 1.16.0-7 [112 kB]
#5 21.88 Get:111 http://deb.debian.org/debian bookworm/main amd64 librsvg2-2 amd64 2.54.7+dfsg-1~deb12u1 [2620 kB]
#5 22.27 Get:112 http://deb.debian.org/debian bookworm/main amd64 gir1.2-rsvg-2.0 amd64 2.54.7+dfsg-1~deb12u1 [20.8 kB]
#5 22.27 Get:113 http://deb.debian.org/debian bookworm/main amd64 icu-devtools amd64 72.1-3+deb12u1 [206 kB]
#5 22.35 Get:114 http://deb.debian.org/debian bookworm/main amd64 libabsl20220623 amd64 20220623.1-1+deb12u2 [391 kB]
#5 22.42 Get:115 http://deb.debian.org/debian bookworm/main amd64 libaom3 amd64 3.6.0-1+deb12u2 [1850 kB]
#5 22.78 Get:116 http://deb.debian.org/debian bookworm/main amd64 libdav1d6 amd64 1.0.0-2+deb12u1 [513 kB]
#5 22.91 Get:117 http://deb.debian.org/debian bookworm/main amd64 libgav1-1 amd64 0.18.0-1+b1 [332 kB]
#5 22.98 Get:118 http://deb.debian.org/debian bookworm/main amd64 librav1e0 amd64 0.5.1-6 [763 kB]
#5 23.20 Get:119 http://deb.debian.org/debian bookworm/main amd64 libsvtav1enc1 amd64 1.4.1+dfsg-1 [2121 kB]
#5 23.56 Get:120 http://deb.debian.org/debian bookworm/main amd64 libyuv0 amd64 0.0~git20230123.b2528b0-1 [168 kB]
#5 23.59 Get:121 http://deb.debian.org/debian bookworm/main amd64 libavif15 amd64 0.11.1-1+deb12u1 [94.4 kB]
#5 23.60 Get:122 http://deb.debian.org/debian bookworm/main amd64 uuid-dev amd64 2.38.1-5+deb12u3 [40.0 kB]
#5 23.61 Get:123 http://deb.debian.org/debian bookworm/main amd64 libblkid-dev amd64 2.38.1-5+deb12u3 [179 kB]
#5 23.67 Get:124 http://deb.debian.org/debian bookworm/main amd64 libbrotli-dev amd64 1.0.9-2+b6 [287 kB]
#5 23.71 Get:125 http://deb.debian.org/debian bookworm/main amd64 libde265-0 amd64 1.0.11-1+deb12u2 [185 kB]
#5 23.74 Get:126 http://deb.debian.org/debian bookworm/main amd64 libnuma1 amd64 2.0.16-1 [21.0 kB]
#5 23.74 Get:127 http://deb.debian.org/debian bookworm/main amd64 libx265-199 amd64 3.5-2+b1 [1150 kB]
#5 23.92 Get:128 http://deb.debian.org/debian bookworm/main amd64 libheif1 amd64 1.15.1-1+deb12u1 [215 kB]
#5 23.94 Get:129 http://deb.debian.org/debian bookworm/main amd64 libxpm4 amd64 1:3.5.12-1.1+deb12u1 [48.6 kB]
#5 23.94 Get:130 http://deb.debian.org/debian bookworm/main amd64 libgd3 amd64 2.3.3-9 [124 kB]
#5 23.97 Get:131 http://deb.debian.org/debian bookworm/main amd64 libc-devtools amd64 2.36-9+deb12u13 [55.0 kB]
#5 23.97 Get:132 http://deb.debian.org/debian bookworm/main amd64 liblzo2-2 amd64 2.10-2 [56.9 kB]
#5 24.02 Get:133 http://deb.debian.org/debian bookworm/main amd64 libcairo-script-interpreter2 amd64 1.16.0-7 [149 kB]
#5 24.03 Get:134 http://deb.debian.org/debian bookworm/main amd64 libexpat1-dev amd64 2.5.0-1+deb12u2 [151 kB]
#5 24.07 Get:135 http://deb.debian.org/debian bookworm/main amd64 zlib1g-dev amd64 1:1.2.13.dfsg-1 [916 kB]
#5 24.21 Get:136 http://deb.debian.org/debian-security bookworm-security/main amd64 libpng-dev amd64 1.6.39-2+deb12u1 [360 kB]
#5 24.27 Get:137 http://deb.debian.org/debian bookworm/main amd64 libfreetype-dev amd64 2.12.1+dfsg-5+deb12u4 [566 kB]
#5 24.34 Get:138 http://deb.debian.org/debian bookworm/main amd64 libpkgconf3 amd64 1.8.1-1 [36.1 kB]
#5 24.34 Get:139 http://deb.debian.org/debian bookworm/main amd64 pkgconf-bin amd64 1.8.1-1 [29.5 kB]
#5 24.34 Get:140 http://deb.debian.org/debian bookworm/main amd64 pkgconf amd64 1.8.1-1 [25.9 kB]
#5 24.35 Get:141 http://deb.debian.org/debian bookworm/main amd64 pkg-config amd64 1.8.1-1 [13.7 kB]
#5 24.35 Get:142 http://deb.debian.org/debian bookworm/main amd64 libfontconfig-dev amd64 2.14.1-4 [409 kB]
#5 24.40 Get:143 http://deb.debian.org/debian bookworm/main amd64 libffi-dev amd64 3.4.4-1 [59.4 kB]
#5 24.44 Get:144 http://deb.debian.org/debian bookworm/main amd64 libglib2.0-data all 2.74.6-2+deb12u7 [1209 kB]
#5 24.61 Get:145 http://deb.debian.org/debian bookworm/main amd64 libelf1 amd64 0.188-2.1 [174 kB]
#5 24.63 Get:146 http://deb.debian.org/debian bookworm/main amd64 libglib2.0-bin amd64 2.74.6-2+deb12u7 [112 kB]
#5 24.64 Get:147 http://deb.debian.org/debian bookworm/main amd64 python3-lib2to3 all 3.11.2-3 [76.3 kB]
#5 24.66 Get:148 http://deb.debian.org/debian bookworm/main amd64 python3-distutils all 3.11.2-3 [131 kB]
#5 24.68 Get:149 http://deb.debian.org/debian bookworm/main amd64 libglib2.0-dev-bin amd64 2.74.6-2+deb12u7 [152 kB]
#5 24.70 Get:150 http://deb.debian.org/debian bookworm/main amd64 libsepol-dev amd64 3.4-2.1 [351 kB]
#5 24.75 Get:151 http://deb.debian.org/debian bookworm/main amd64 libpcre2-16-0 amd64 10.42-1 [245 kB]
#5 24.78 Get:152 http://deb.debian.org/debian bookworm/main amd64 libpcre2-32-0 amd64 10.42-1 [234 kB]
#5 24.83 Get:153 http://deb.debian.org/debian bookworm/main amd64 libpcre2-posix3 amd64 10.42-1 [55.4 kB]
#5 24.83 Get:154 http://deb.debian.org/debian bookworm/main amd64 libpcre2-dev amd64 10.42-1 [753 kB]
#5 24.98 Get:155 http://deb.debian.org/debian bookworm/main amd64 libselinux1-dev amd64 3.4-1+b6 [157 kB]
#5 24.99 Get:156 http://deb.debian.org/debian bookworm/main amd64 libmount-dev amd64 2.38.1-5+deb12u3 [22.6 kB]
#5 25.02 Get:157 http://deb.debian.org/debian bookworm/main amd64 libglib2.0-dev amd64 2.74.6-2+deb12u7 [1605 kB]
#5 25.27 Get:158 http://deb.debian.org/debian bookworm/main amd64 libpixman-1-dev amd64 0.42.2-1 [564 kB]
#5 25.37 Get:159 http://deb.debian.org/debian bookworm/main amd64 x11-common all 1:7.7+23 [252 kB]
#5 25.41 Get:160 http://deb.debian.org/debian bookworm/main amd64 libice6 amd64 2:1.0.10-1 [58.5 kB]
#5 25.41 Get:161 http://deb.debian.org/debian bookworm/main amd64 libsm6 amd64 2:1.2.3-1 [35.1 kB]
#5 25.42 Get:162 http://deb.debian.org/debian bookworm/main amd64 xorg-sgml-doctools all 1:1.11-1.1 [22.1 kB]
#5 25.43 Get:163 http://deb.debian.org/debian bookworm/main amd64 x11proto-dev all 2022.1-1 [599 kB]
#5 25.52 Get:164 http://deb.debian.org/debian bookworm/main amd64 x11proto-core-dev all 2022.1-1 [3528 B]
#5 25.52 Get:165 http://deb.debian.org/debian bookworm/main amd64 libice-dev amd64 2:1.0.10-1 [67.1 kB]
#5 25.53 Get:166 http://deb.debian.org/debian bookworm/main amd64 libsm-dev amd64 2:1.2.3-1 [38.0 kB]
#5 25.54 Get:167 http://deb.debian.org/debian bookworm/main amd64 libxau-dev amd64 1:1.0.9-1 [22.9 kB]
#5 25.54 Get:168 http://deb.debian.org/debian bookworm/main amd64 libxdmcp-dev amd64 1:1.1.2-3 [42.2 kB]
#5 25.55 Get:169 http://deb.debian.org/debian bookworm/main amd64 xtrans-dev all 1.4.0-1 [98.7 kB]
#5 25.56 Get:170 http://deb.debian.org/debian bookworm/main amd64 libpthread-stubs0-dev amd64 0.4-1 [5344 B]
#5 25.56 Get:171 http://deb.debian.org/debian bookworm/main amd64 libxcb1-dev amd64 1.15-1 [181 kB]
#5 25.59 Get:172 http://deb.debian.org/debian bookworm/main amd64 libx11-dev amd64 2:1.8.4-2+deb12u2 [837 kB]
#5 25.71 Get:173 http://deb.debian.org/debian bookworm/main amd64 libxcb-render0-dev amd64 1.15-1 [118 kB]
#5 25.73 Get:174 http://deb.debian.org/debian bookworm/main amd64 libxcb-shm0-dev amd64 1.15-1 [107 kB]
#5 25.75 Get:175 http://deb.debian.org/debian bookworm/main amd64 libxext-dev amd64 2:1.3.4-1+b1 [107 kB]
#5 25.76 Get:176 http://deb.debian.org/debian bookworm/main amd64 libxrender-dev amd64 1:0.9.10-1.1 [41.1 kB]
#5 25.77 Get:177 http://deb.debian.org/debian bookworm/main amd64 libcairo2-dev amd64 1.16.0-7 [727 kB]
#5 25.87 Get:178 http://deb.debian.org/debian bookworm/main amd64 libdatrie-dev amd64 0.2.13-2+b1 [18.2 kB]
#5 25.87 Get:179 http://deb.debian.org/debian bookworm/main amd64 libdeflate-dev amd64 1.14-1 [53.3 kB]
#5 25.88 Get:180 http://deb.debian.org/debian bookworm/main amd64 libfribidi-dev amd64 1.0.8-2.1 [105 kB]
#5 25.90 Get:181 http://deb.debian.org/debian bookworm/main amd64 libgdk-pixbuf2.0-bin amd64 2.42.10+dfsg-1+deb12u2 [17.8 kB]
#5 25.90 Get:182 http://deb.debian.org/debian bookworm/main amd64 libjpeg62-turbo-dev amd64 1:2.1.5-2 [290 kB]
#5 25.94 Get:183 http://deb.debian.org/debian bookworm/main amd64 libjpeg-dev amd64 1:2.1.5-2 [71.8 kB]
#5 25.95 Get:184 http://deb.debian.org/debian bookworm/main amd64 libjbig-dev amd64 2.1-6.1 [31.0 kB]
#5 25.96 Get:185 http://deb.debian.org/debian bookworm/main amd64 liblzma-dev amd64 5.4.1-1 [260 kB]
#5 26.00 Get:186 http://deb.debian.org/debian bookworm/main amd64 libzstd-dev amd64 1.5.4+dfsg2-5 [354 kB]
#5 26.04 Get:187 http://deb.debian.org/debian bookworm/main amd64 libwebpmux3 amd64 1.2.4-0.2+deb12u1 [109 kB]
#5 26.06 Get:188 http://deb.debian.org/debian bookworm/main amd64 libwebpdemux2 amd64 1.2.4-0.2+deb12u1 [99.4 kB]
#5 26.07 Get:189 http://deb.debian.org/debian bookworm/main amd64 libwebp-dev amd64 1.2.4-0.2+deb12u1 [400 kB]
#5 26.33 Get:190 http://deb.debian.org/debian-security bookworm-security/main amd64 libtiffxx6 amd64 4.5.0-6+deb12u3 [144 kB]
#5 26.34 Get:191 http://deb.debian.org/debian bookworm/main amd64 liblerc-dev amd64 4.0.0+ds-2 [175 kB]
#5 26.37 Get:192 http://deb.debian.org/debian-security bookworm-security/main amd64 libtiff-dev amd64 4.5.0-6+deb12u3 [456 kB]
#5 26.45 Get:193 http://deb.debian.org/debian bookworm/main amd64 libgdk-pixbuf-2.0-dev amd64 2.42.10+dfsg-1+deb12u2 [51.7 kB]
#5 26.45 Get:194 http://deb.debian.org/debian bookworm/main amd64 libgif7 amd64 5.2.1-2.5 [46.9 kB]
#5 26.46 Get:195 http://deb.debian.org/debian bookworm/main amd64 libgif-dev amd64 5.2.1-2.5 [49.7 kB]
#5 26.47 Get:196 http://deb.debian.org/debian bookworm/main amd64 libgpm2 amd64 1.20.7-10+b1 [14.2 kB]
#5 26.47 Get:197 http://deb.debian.org/debian bookworm/main amd64 libgraphite2-dev amd64 1.3.14-1 [24.0 kB]
#5 26.47 Get:198 http://deb.debian.org/debian bookworm/main amd64 libharfbuzz-icu0 amd64 6.0.0+dfsg-3 [1557 kB]
#5 26.70 Get:199 http://deb.debian.org/debian bookworm/main amd64 libharfbuzz-gobject0 amd64 6.0.0+dfsg-3 [1572 kB]
#5 26.93 Get:200 http://deb.debian.org/debian bookworm/main amd64 libharfbuzz-subset0 amd64 6.0.0+dfsg-3 [1931 kB]
#5 27.16 Get:201 http://deb.debian.org/debian bookworm/main amd64 libicu-dev amd64 72.1-3+deb12u1 [10.3 MB]
#5 28.43 Get:202 http://deb.debian.org/debian bookworm/main amd64 libharfbuzz-dev amd64 6.0.0+dfsg-3 [1668 kB]
#5 28.69 Get:203 http://deb.debian.org/debian bookworm/main amd64 libthai-dev amd64 0.1.29-1 [24.0 kB]
#5 28.70 Get:204 http://deb.debian.org/debian bookworm/main amd64 libxft-dev amd64 2.3.6-1 [80.3 kB]
#5 28.72 Get:205 http://deb.debian.org/debian bookworm/main amd64 pango1.0-tools amd64 1.50.12+ds-1 [40.8 kB]
#5 28.72 Get:206 http://deb.debian.org/debian bookworm/main amd64 libpango1.0-dev amd64 1.50.12+ds-1 [152 kB]
#5 28.83 Get:207 http://deb.debian.org/debian-security bookworm-security/main amd64 libpng-tools amd64 1.6.39-2+deb12u1 [127 kB]
#5 28.84 Get:208 http://deb.debian.org/debian bookworm/main amd64 librsvg2-common amd64 2.54.7+dfsg-1~deb12u1 [21.4 kB]
#5 28.89 Get:209 http://deb.debian.org/debian bookworm/main amd64 librsvg2-dev amd64 2.54.7+dfsg-1~deb12u1 [56.2 kB]
#5 28.90 Get:210 http://deb.debian.org/debian bookworm/main amd64 make amd64 4.3-4.1 [396 kB]
#5 28.96 Get:211 http://deb.debian.org/debian bookworm/main amd64 manpages-dev all 6.03-2 [2030 kB]
#5 29.24 Get:212 http://deb.debian.org/debian bookworm/main amd64 xdg-user-dirs amd64 0.18-1 [54.4 kB]
#5 29.46 debconf: delaying package configuration, since apt-utils is not installed
#5 29.51 Fetched 146 MB in 23s (6481 kB/s)
#5 29.55 Selecting previously unselected package libssl3:amd64.
#5 29.55 (Reading database ... 
(Reading database ... 5%
(Reading database ... 10%
(Reading database ... 15%
(Reading database ... 20%
(Reading database ... 25%
(Reading database ... 30%
(Reading database ... 35%
(Reading database ... 40%
(Reading database ... 45%
(Reading database ... 50%
(Reading database ... 55%
(Reading database ... 60%
(Reading database ... 65%
(Reading database ... 70%
(Reading database ... 75%
(Reading database ... 80%
(Reading database ... 85%
(Reading database ... 90%
(Reading database ... 95%
(Reading database ... 100%
(Reading database ... 6095 files and directories currently installed.)
#5 29.56 Preparing to unpack .../libssl3_3.0.17-1~deb12u3_amd64.deb ...
#5 29.58 Unpacking libssl3:amd64 (3.0.17-1~deb12u3) ...
#5 29.85 Selecting previously unselected package libpython3.11-minimal:amd64.
#5 29.85 Preparing to unpack .../libpython3.11-minimal_3.11.2-6+deb12u6_amd64.deb ...
#5 29.86 Unpacking libpython3.11-minimal:amd64 (3.11.2-6+deb12u6) ...
#5 30.09 Selecting previously unselected package libexpat1:amd64.
#5 30.09 Preparing to unpack .../libexpat1_2.5.0-1+deb12u2_amd64.deb ...
#5 30.09 Unpacking libexpat1:amd64 (2.5.0-1+deb12u2) ...
#5 30.17 Selecting previously unselected package python3.11-minimal.
#5 30.17 Preparing to unpack .../python3.11-minimal_3.11.2-6+deb12u6_amd64.deb ...
#5 30.19 Unpacking python3.11-minimal (3.11.2-6+deb12u6) ...
#5 30.52 Setting up libssl3:amd64 (3.0.17-1~deb12u3) ...
#5 30.54 Setting up libpython3.11-minimal:amd64 (3.11.2-6+deb12u6) ...
#5 30.57 Setting up libexpat1:amd64 (2.5.0-1+deb12u2) ...
#5 30.59 Setting up python3.11-minimal (3.11.2-6+deb12u6) ...
#5 31.73 Selecting previously unselected package python3-minimal.
#5 31.73 (Reading database ... 
(Reading database ... 5%
(Reading database ... 10%
(Reading database ... 15%
(Reading database ... 20%
(Reading database ... 25%
(Reading database ... 30%
(Reading database ... 35%
(Reading database ... 40%
(Reading database ... 45%
(Reading database ... 50%
(Reading database ... 55%
(Reading database ... 60%
(Reading database ... 65%
(Reading database ... 70%
(Reading database ... 75%
(Reading database ... 80%
(Reading database ... 85%
(Reading database ... 90%
(Reading database ... 95%
(Reading database ... 100%
(Reading database ... 6423 files and directories currently installed.)
#5 31.74 Preparing to unpack .../00-python3-minimal_3.11.2-1+b1_amd64.deb ...
#5 31.74 Unpacking python3-minimal (3.11.2-1+b1) ...
#5 31.80 Selecting previously unselected package media-types.
#5 31.80 Preparing to unpack .../01-media-types_10.0.0_all.deb ...
#5 31.81 Unpacking media-types (10.0.0) ...
#5 31.87 Selecting previously unselected package libncursesw6:amd64.
#5 31.87 Preparing to unpack .../02-libncursesw6_6.4-4_amd64.deb ...
#5 31.88 Unpacking libncursesw6:amd64 (6.4-4) ...
#5 31.96 Selecting previously unselected package libkrb5support0:amd64.
#5 31.96 Preparing to unpack .../03-libkrb5support0_1.20.1-2+deb12u4_amd64.deb ...
#5 31.97 Unpacking libkrb5support0:amd64 (1.20.1-2+deb12u4) ...
#5 32.03 Selecting previously unselected package libk5crypto3:amd64.
#5 32.04 Preparing to unpack .../04-libk5crypto3_1.20.1-2+deb12u4_amd64.deb ...
#5 32.04 Unpacking libk5crypto3:amd64 (1.20.1-2+deb12u4) ...
#5 32.11 Selecting previously unselected package libkeyutils1:amd64.
#5 32.11 Preparing to unpack .../05-libkeyutils1_1.6.3-2_amd64.deb ...
#5 32.12 Unpacking libkeyutils1:amd64 (1.6.3-2) ...
#5 32.18 Selecting previously unselected package libkrb5-3:amd64.
#5 32.18 Preparing to unpack .../06-libkrb5-3_1.20.1-2+deb12u4_amd64.deb ...
#5 32.19 Unpacking libkrb5-3:amd64 (1.20.1-2+deb12u4) ...
#5 32.31 Selecting previously unselected package libgssapi-krb5-2:amd64.
#5 32.32 Preparing to unpack .../07-libgssapi-krb5-2_1.20.1-2+deb12u4_amd64.deb ...
#5 32.32 Unpacking libgssapi-krb5-2:amd64 (1.20.1-2+deb12u4) ...
#5 32.39 Selecting previously unselected package libtirpc-common.
#5 32.40 Preparing to unpack .../08-libtirpc-common_1.3.3+ds-1_all.deb ...
#5 32.40 Unpacking libtirpc-common (1.3.3+ds-1) ...
#5 32.46 Selecting previously unselected package libtirpc3:amd64.
#5 32.47 Preparing to unpack .../09-libtirpc3_1.3.3+ds-1_amd64.deb ...
#5 32.47 Unpacking libtirpc3:amd64 (1.3.3+ds-1) ...
#5 32.54 Selecting previously unselected package libnsl2:amd64.
#5 32.55 Preparing to unpack .../10-libnsl2_1.3.0-2_amd64.deb ...
#5 32.55 Unpacking libnsl2:amd64 (1.3.0-2) ...
#5 32.62 Selecting previously unselected package readline-common.
#5 32.63 Preparing to unpack .../11-readline-common_8.2-1.3_all.deb ...
#5 32.63 Unpacking readline-common (8.2-1.3) ...
#5 32.70 Selecting previously unselected package libreadline8:amd64.
#5 32.71 Preparing to unpack .../12-libreadline8_8.2-1.3_amd64.deb ...
#5 32.71 Unpacking libreadline8:amd64 (8.2-1.3) ...
#5 32.79 Selecting previously unselected package libsqlite3-0:amd64.
#5 32.80 Preparing to unpack .../13-libsqlite3-0_3.40.1-2+deb12u2_amd64.deb ...
#5 32.80 Unpacking libsqlite3-0:amd64 (3.40.1-2+deb12u2) ...
#5 32.96 Selecting previously unselected package libpython3.11-stdlib:amd64.
#5 32.97 Preparing to unpack .../14-libpython3.11-stdlib_3.11.2-6+deb12u6_amd64.deb ...
#5 32.97 Unpacking libpython3.11-stdlib:amd64 (3.11.2-6+deb12u6) ...
#5 33.27 Selecting previously unselected package python3.11.
#5 33.27 Preparing to unpack .../15-python3.11_3.11.2-6+deb12u6_amd64.deb ...
#5 33.28 Unpacking python3.11 (3.11.2-6+deb12u6) ...
#5 33.36 Selecting previously unselected package libpython3-stdlib:amd64.
#5 33.36 Preparing to unpack .../16-libpython3-stdlib_3.11.2-1+b1_amd64.deb ...
#5 33.37 Unpacking libpython3-stdlib:amd64 (3.11.2-1+b1) ...
#5 33.44 Setting up python3-minimal (3.11.2-1+b1) ...
#5 33.79 Selecting previously unselected package python3.
#5 33.79 (Reading database ... 
(Reading database ... 5%
(Reading database ... 10%
(Reading database ... 15%
(Reading database ... 20%
(Reading database ... 25%
(Reading database ... 30%
(Reading database ... 35%
(Reading database ... 40%
(Reading database ... 45%
(Reading database ... 50%
(Reading database ... 55%
(Reading database ... 60%
(Reading database ... 65%
(Reading database ... 70%
(Reading database ... 75%
(Reading database ... 80%
(Reading database ... 85%
(Reading database ... 90%
(Reading database ... 95%
(Reading database ... 100%
(Reading database ... 6931 files and directories currently installed.)
#5 33.80 Preparing to unpack .../000-python3_3.11.2-1+b1_amd64.deb ...
#5 33.82 Unpacking python3 (3.11.2-1+b1) ...
#5 33.88 Selecting previously unselected package openssl.
#5 33.88 Preparing to unpack .../001-openssl_3.0.17-1~deb12u3_amd64.deb ...
#5 33.89 Unpacking openssl (3.0.17-1~deb12u3) ...
#5 34.13 Selecting previously unselected package ca-certificates.
#5 34.13 Preparing to unpack .../002-ca-certificates_20230311+deb12u1_all.deb ...
#5 34.14 Unpacking ca-certificates (20230311+deb12u1) ...
#5 34.29 Selecting previously unselected package krb5-locales.
#5 34.30 Preparing to unpack .../003-krb5-locales_1.20.1-2+deb12u4_all.deb ...
#5 34.30 Unpacking krb5-locales (1.20.1-2+deb12u4) ...
#5 34.36 Selecting previously unselected package manpages.
#5 34.36 Preparing to unpack .../004-manpages_6.03-2_all.deb ...
#5 34.37 Unpacking manpages (6.03-2) ...
#5 34.57 Selecting previously unselected package binutils-common:amd64.
#5 34.57 Preparing to unpack .../005-binutils-common_2.40-2_amd64.deb ...
#5 34.58 Unpacking binutils-common:amd64 (2.40-2) ...
#5 34.97 Selecting previously unselected package libbinutils:amd64.
#5 34.97 Preparing to unpack .../006-libbinutils_2.40-2_amd64.deb ...
#5 34.97 Unpacking libbinutils:amd64 (2.40-2) ...
#5 35.12 Selecting previously unselected package libctf-nobfd0:amd64.
#5 35.13 Preparing to unpack .../007-libctf-nobfd0_2.40-2_amd64.deb ...
#5 35.13 Unpacking libctf-nobfd0:amd64 (2.40-2) ...
#5 35.21 Selecting previously unselected package libctf0:amd64.
#5 35.21 Preparing to unpack .../008-libctf0_2.40-2_amd64.deb ...
#5 35.22 Unpacking libctf0:amd64 (2.40-2) ...
#5 35.28 Selecting previously unselected package libgprofng0:amd64.
#5 35.29 Preparing to unpack .../009-libgprofng0_2.40-2_amd64.deb ...
#5 35.29 Unpacking libgprofng0:amd64 (2.40-2) ...
#5 35.48 Selecting previously unselected package libjansson4:amd64.
#5 35.48 Preparing to unpack .../010-libjansson4_2.14-2_amd64.deb ...
#5 35.49 Unpacking libjansson4:amd64 (2.14-2) ...
#5 35.54 Selecting previously unselected package binutils-x86-64-linux-gnu.
#5 35.55 Preparing to unpack .../011-binutils-x86-64-linux-gnu_2.40-2_amd64.deb ...
#5 35.55 Unpacking binutils-x86-64-linux-gnu (2.40-2) ...
#5 35.93 Selecting previously unselected package binutils.
#5 35.93 Preparing to unpack .../012-binutils_2.40-2_amd64.deb ...
#5 35.94 Unpacking binutils (2.40-2) ...
#5 36.02 Selecting previously unselected package libisl23:amd64.
#5 36.02 Preparing to unpack .../013-libisl23_0.25-1.1_amd64.deb ...
#5 36.03 Unpacking libisl23:amd64 (0.25-1.1) ...
#5 36.22 Selecting previously unselected package libmpfr6:amd64.
#5 36.22 Preparing to unpack .../014-libmpfr6_4.2.0-1_amd64.deb ...
#5 36.22 Unpacking libmpfr6:amd64 (4.2.0-1) ...
#5 36.34 Selecting previously unselected package libmpc3:amd64.
#5 36.35 Preparing to unpack .../015-libmpc3_1.3.1-1_amd64.deb ...
#5 36.35 Unpacking libmpc3:amd64 (1.3.1-1) ...
#5 36.42 Selecting previously unselected package cpp-12.
#5 36.42 Preparing to unpack .../016-cpp-12_12.2.0-14+deb12u1_amd64.deb ...
#5 36.43 Unpacking cpp-12 (12.2.0-14+deb12u1) ...
#5 37.41 Selecting previously unselected package cpp.
#5 37.42 Preparing to unpack .../017-cpp_4%3a12.2.0-3_amd64.deb ...
#5 37.42 Unpacking cpp (4:12.2.0-3) ...
#5 37.49 Selecting previously unselected package libbrotli1:amd64.
#5 37.49 Preparing to unpack .../018-libbrotli1_1.0.9-2+b6_amd64.deb ...
#5 37.50 Unpacking libbrotli1:amd64 (1.0.9-2+b6) ...
#5 37.61 Selecting previously unselected package libpng16-16:amd64.
#5 37.61 Preparing to unpack .../019-libpng16-16_1.6.39-2+deb12u1_amd64.deb ...
#5 37.62 Unpacking libpng16-16:amd64 (1.6.39-2+deb12u1) ...
#5 37.71 Selecting previously unselected package libfreetype6:amd64.
#5 37.71 Preparing to unpack .../020-libfreetype6_2.12.1+dfsg-5+deb12u4_amd64.deb ...
#5 37.72 Unpacking libfreetype6:amd64 (2.12.1+dfsg-5+deb12u4) ...
#5 37.82 Selecting previously unselected package fonts-dejavu-core.
#5 37.82 Preparing to unpack .../021-fonts-dejavu-core_2.37-6_all.deb ...
#5 37.83 Unpacking fonts-dejavu-core (2.37-6) ...
#5 37.86 Selecting previously unselected package fontconfig-config.
#5 37.87 Preparing to unpack .../022-fontconfig-config_2.14.1-4_amd64.deb ...
#5 38.04 Unpacking fontconfig-config (2.14.1-4) ...
#5 38.17 Selecting previously unselected package libfontconfig1:amd64.
#5 38.17 Preparing to unpack .../023-libfontconfig1_2.14.1-4_amd64.deb ...
#5 38.18 Unpacking libfontconfig1:amd64 (2.14.1-4) ...
#5 38.25 Selecting previously unselected package fontconfig.
#5 38.25 Preparing to unpack .../024-fontconfig_2.14.1-4_amd64.deb ...
#5 38.26 Unpacking fontconfig (2.14.1-4) ...
#5 38.33 Selecting previously unselected package libcc1-0:amd64.
#5 38.33 Preparing to unpack .../025-libcc1-0_12.2.0-14+deb12u1_amd64.deb ...
#5 38.34 Unpacking libcc1-0:amd64 (12.2.0-14+deb12u1) ...
#5 38.39 Selecting previously unselected package libgomp1:amd64.
#5 38.39 Preparing to unpack .../026-libgomp1_12.2.0-14+deb12u1_amd64.deb ...
#5 38.40 Unpacking libgomp1:amd64 (12.2.0-14+deb12u1) ...
#5 38.46 Selecting previously unselected package libitm1:amd64.
#5 38.46 Preparing to unpack .../027-libitm1_12.2.0-14+deb12u1_amd64.deb ...
#5 38.47 Unpacking libitm1:amd64 (12.2.0-14+deb12u1) ...
#5 38.52 Selecting previously unselected package libatomic1:amd64.
#5 38.52 Preparing to unpack .../028-libatomic1_12.2.0-14+deb12u1_amd64.deb ...
#5 38.53 Unpacking libatomic1:amd64 (12.2.0-14+deb12u1) ...
#5 38.59 Selecting previously unselected package libasan8:amd64.
#5 38.59 Preparing to unpack .../029-libasan8_12.2.0-14+deb12u1_amd64.deb ...
#5 38.59 Unpacking libasan8:amd64 (12.2.0-14+deb12u1) ...
#5 38.92 Selecting previously unselected package liblsan0:amd64.
#5 38.92 Preparing to unpack .../030-liblsan0_12.2.0-14+deb12u1_amd64.deb ...
#5 38.93 Unpacking liblsan0:amd64 (12.2.0-14+deb12u1) ...
#5 39.13 Selecting previously unselected package libtsan2:amd64.
#5 39.14 Preparing to unpack .../031-libtsan2_12.2.0-14+deb12u1_amd64.deb ...
#5 39.14 Unpacking libtsan2:amd64 (12.2.0-14+deb12u1) ...
#5 39.48 Selecting previously unselected package libubsan1:amd64.
#5 39.48 Preparing to unpack .../032-libubsan1_12.2.0-14+deb12u1_amd64.deb ...
#5 39.49 Unpacking libubsan1:amd64 (12.2.0-14+deb12u1) ...
#5 39.69 Selecting previously unselected package libquadmath0:amd64.
#5 39.69 Preparing to unpack .../033-libquadmath0_12.2.0-14+deb12u1_amd64.deb ...
#5 39.70 Unpacking libquadmath0:amd64 (12.2.0-14+deb12u1) ...
#5 39.76 Selecting previously unselected package libgcc-12-dev:amd64.
#5 39.77 Preparing to unpack .../034-libgcc-12-dev_12.2.0-14+deb12u1_amd64.deb ...
#5 39.77 Unpacking libgcc-12-dev:amd64 (12.2.0-14+deb12u1) ...
#5 40.10 Selecting previously unselected package gcc-12.
#5 40.11 Preparing to unpack .../035-gcc-12_12.2.0-14+deb12u1_amd64.deb ...
#5 40.11 Unpacking gcc-12 (12.2.0-14+deb12u1) ...
#5 41.29 Selecting previously unselected package gcc.
#5 41.29 Preparing to unpack .../036-gcc_4%3a12.2.0-3_amd64.deb ...
#5 41.30 Unpacking gcc (4:12.2.0-3) ...
#5 41.35 Selecting previously unselected package libc-dev-bin.
#5 41.36 Preparing to unpack .../037-libc-dev-bin_2.36-9+deb12u13_amd64.deb ...
#5 41.36 Unpacking libc-dev-bin (2.36-9+deb12u13) ...
#5 41.41 Selecting previously unselected package linux-libc-dev:amd64.
#5 41.41 Preparing to unpack .../038-linux-libc-dev_6.1.158-1_amd64.deb ...
#5 41.42 Unpacking linux-libc-dev:amd64 (6.1.158-1) ...
#5 41.86 Selecting previously unselected package libcrypt-dev:amd64.
#5 41.86 Preparing to unpack .../039-libcrypt-dev_1%3a4.4.33-2_amd64.deb ...
#5 41.88 Unpacking libcrypt-dev:amd64 (1:4.4.33-2) ...
#5 41.94 Selecting previously unselected package libtirpc-dev:amd64.
#5 41.94 Preparing to unpack .../040-libtirpc-dev_1.3.3+ds-1_amd64.deb ...
#5 41.95 Unpacking libtirpc-dev:amd64 (1.3.3+ds-1) ...
#5 42.02 Selecting previously unselected package libnsl-dev:amd64.
#5 42.02 Preparing to unpack .../041-libnsl-dev_1.3.0-2_amd64.deb ...
#5 42.03 Unpacking libnsl-dev:amd64 (1.3.0-2) ...
#5 42.09 Selecting previously unselected package rpcsvc-proto.
#5 42.09 Preparing to unpack .../042-rpcsvc-proto_1.4.3-1_amd64.deb ...
#5 42.10 Unpacking rpcsvc-proto (1.4.3-1) ...
#5 42.16 Selecting previously unselected package libc6-dev:amd64.
#5 42.16 Preparing to unpack .../043-libc6-dev_2.36-9+deb12u13_amd64.deb ...
#5 42.17 Unpacking libc6-dev:amd64 (2.36-9+deb12u13) ...
#5 42.48 Selecting previously unselected package libstdc++-12-dev:amd64.
#5 42.48 Preparing to unpack .../044-libstdc++-12-dev_12.2.0-14+deb12u1_amd64.deb ...
#5 42.49 Unpacking libstdc++-12-dev:amd64 (12.2.0-14+deb12u1) ...
#5 42.93 Selecting previously unselected package g++-12.
#5 42.93 Preparing to unpack .../045-g++-12_12.2.0-14+deb12u1_amd64.deb ...
#5 42.94 Unpacking g++-12 (12.2.0-14+deb12u1) ...
#5 44.00 Selecting previously unselected package g++.
#5 44.00 Preparing to unpack .../046-g++_4%3a12.2.0-3_amd64.deb ...
#5 44.01 Unpacking g++ (4:12.2.0-3) ...
#5 44.08 Selecting previously unselected package libglib2.0-0:amd64.
#5 44.08 Preparing to unpack .../047-libglib2.0-0_2.74.6-2+deb12u7_amd64.deb ...
#5 44.08 Unpacking libglib2.0-0:amd64 (2.74.6-2+deb12u7) ...
#5 44.31 Selecting previously unselected package libgirepository-1.0-1:amd64.
#5 44.31 Preparing to unpack .../048-libgirepository-1.0-1_1.74.0-3_amd64.deb ...
#5 44.32 Unpacking libgirepository-1.0-1:amd64 (1.74.0-3) ...
#5 44.38 Selecting previously unselected package gir1.2-glib-2.0:amd64.
#5 44.39 Preparing to unpack .../049-gir1.2-glib-2.0_1.74.0-3_amd64.deb ...
#5 44.39 Unpacking gir1.2-glib-2.0:amd64 (1.74.0-3) ...
#5 44.46 Selecting previously unselected package gir1.2-freedesktop:amd64.
#5 44.46 Preparing to unpack .../050-gir1.2-freedesktop_1.74.0-3_amd64.deb ...
#5 44.47 Unpacking gir1.2-freedesktop:amd64 (1.74.0-3) ...
#5 44.52 Selecting previously unselected package libgdk-pixbuf2.0-common.
#5 44.52 Preparing to unpack .../051-libgdk-pixbuf2.0-common_2.42.10+dfsg-1+deb12u2_all.deb ...
#5 44.53 Unpacking libgdk-pixbuf2.0-common (2.42.10+dfsg-1+deb12u2) ...
#5 44.61 Selecting previously unselected package libicu72:amd64.
#5 44.62 Preparing to unpack .../052-libicu72_72.1-3+deb12u1_amd64.deb ...
#5 44.62 Unpacking libicu72:amd64 (72.1-3+deb12u1) ...
#5 45.49 Selecting previously unselected package libxml2:amd64.
#5 45.49 Preparing to unpack .../053-libxml2_2.9.14+dfsg-1.3~deb12u4_amd64.deb ...
#5 45.50 Unpacking libxml2:amd64 (2.9.14+dfsg-1.3~deb12u4) ...
#5 45.67 Selecting previously unselected package shared-mime-info.
#5 45.67 Preparing to unpack .../054-shared-mime-info_2.2-1_amd64.deb ...
#5 45.68 Unpacking shared-mime-info (2.2-1) ...
#5 45.86 Selecting previously unselected package libjpeg62-turbo:amd64.
#5 45.87 Preparing to unpack .../055-libjpeg62-turbo_1%3a2.1.5-2_amd64.deb ...
#5 45.87 Unpacking libjpeg62-turbo:amd64 (1:2.1.5-2) ...
#5 45.95 Selecting previously unselected package libdeflate0:amd64.
#5 45.96 Preparing to unpack .../056-libdeflate0_1.14-1_amd64.deb ...
#5 45.96 Unpacking libdeflate0:amd64 (1.14-1) ...
#5 46.03 Selecting previously unselected package libjbig0:amd64.
#5 46.04 Preparing to unpack .../057-libjbig0_2.1-6.1_amd64.deb ...
#5 46.04 Unpacking libjbig0:amd64 (2.1-6.1) ...
#5 46.10 Selecting previously unselected package liblerc4:amd64.
#5 46.10 Preparing to unpack .../058-liblerc4_4.0.0+ds-2_amd64.deb ...
#5 46.11 Unpacking liblerc4:amd64 (4.0.0+ds-2) ...
#5 46.19 Selecting previously unselected package libwebp7:amd64.
#5 46.19 Preparing to unpack .../059-libwebp7_1.2.4-0.2+deb12u1_amd64.deb ...
#5 46.20 Unpacking libwebp7:amd64 (1.2.4-0.2+deb12u1) ...
#5 46.33 Selecting previously unselected package libtiff6:amd64.
#5 46.33 Preparing to unpack .../060-libtiff6_4.5.0-6+deb12u3_amd64.deb ...
#5 46.34 Unpacking libtiff6:amd64 (4.5.0-6+deb12u3) ...
#5 46.42 Selecting previously unselected package libgdk-pixbuf-2.0-0:amd64.
#5 46.43 Preparing to unpack .../061-libgdk-pixbuf-2.0-0_2.42.10+dfsg-1+deb12u2_amd64.deb ...
#5 46.44 Unpacking libgdk-pixbuf-2.0-0:amd64 (2.42.10+dfsg-1+deb12u2) ...
#5 46.50 Selecting previously unselected package gir1.2-gdkpixbuf-2.0:amd64.
#5 46.51 Preparing to unpack .../062-gir1.2-gdkpixbuf-2.0_2.42.10+dfsg-1+deb12u2_amd64.deb ...
#5 46.51 Unpacking gir1.2-gdkpixbuf-2.0:amd64 (2.42.10+dfsg-1+deb12u2) ...
#5 46.56 Selecting previously unselected package gir1.2-harfbuzz-0.0:amd64.
#5 46.56 Preparing to unpack .../063-gir1.2-harfbuzz-0.0_6.0.0+dfsg-3_amd64.deb ...
#5 46.57 Unpacking gir1.2-harfbuzz-0.0:amd64 (6.0.0+dfsg-3) ...
#5 46.65 Selecting previously unselected package libfribidi0:amd64.
#5 46.65 Preparing to unpack .../064-libfribidi0_1.0.8-2.1_amd64.deb ...
#5 46.66 Unpacking libfribidi0:amd64 (1.0.8-2.1) ...
#5 46.72 Selecting previously unselected package libgraphite2-3:amd64.
#5 46.72 Preparing to unpack .../065-libgraphite2-3_1.3.14-1_amd64.deb ...
#5 46.73 Unpacking libgraphite2-3:amd64 (1.3.14-1) ...
#5 46.79 Selecting previously unselected package libharfbuzz0b:amd64.
#5 46.79 Preparing to unpack .../066-libharfbuzz0b_6.0.0+dfsg-3_amd64.deb ...
#5 46.80 Unpacking libharfbuzz0b:amd64 (6.0.0+dfsg-3) ...
#5 46.96 Selecting previously unselected package libthai-data.
#5 46.96 Preparing to unpack .../067-libthai-data_0.1.29-1_all.deb ...
#5 46.97 Unpacking libthai-data (0.1.29-1) ...
#5 47.05 Selecting previously unselected package libdatrie1:amd64.
#5 47.05 Preparing to unpack .../068-libdatrie1_0.2.13-2+b1_amd64.deb ...
#5 47.06 Unpacking libdatrie1:amd64 (0.2.13-2+b1) ...
#5 47.13 Selecting previously unselected package libthai0:amd64.
#5 47.13 Preparing to unpack .../069-libthai0_0.1.29-1_amd64.deb ...
#5 47.14 Unpacking libthai0:amd64 (0.1.29-1) ...
#5 47.20 Selecting previously unselected package libpango-1.0-0:amd64.
#5 47.20 Preparing to unpack .../070-libpango-1.0-0_1.50.12+ds-1_amd64.deb ...
#5 47.21 Unpacking libpango-1.0-0:amd64 (1.50.12+ds-1) ...
#5 47.30 Selecting previously unselected package libpixman-1-0:amd64.
#5 47.30 Preparing to unpack .../071-libpixman-1-0_0.42.2-1_amd64.deb ...
#5 47.31 Unpacking libpixman-1-0:amd64 (0.42.2-1) ...
#5 47.41 Selecting previously unselected package libxau6:amd64.
#5 47.41 Preparing to unpack .../072-libxau6_1%3a1.0.9-1_amd64.deb ...
#5 47.42 Unpacking libxau6:amd64 (1:1.0.9-1) ...
#5 47.48 Selecting previously unselected package libbsd0:amd64.
#5 47.48 Preparing to unpack .../073-libbsd0_0.11.7-2_amd64.deb ...
#5 47.49 Unpacking libbsd0:amd64 (0.11.7-2) ...
#5 47.56 Selecting previously unselected package libxdmcp6:amd64.
#5 47.56 Preparing to unpack .../074-libxdmcp6_1%3a1.1.2-3_amd64.deb ...
#5 47.57 Unpacking libxdmcp6:amd64 (1:1.1.2-3) ...
#5 47.63 Selecting previously unselected package libxcb1:amd64.
#5 47.63 Preparing to unpack .../075-libxcb1_1.15-1_amd64.deb ...
#5 47.64 Unpacking libxcb1:amd64 (1.15-1) ...
#5 47.70 Selecting previously unselected package libx11-data.
#5 47.70 Preparing to unpack .../076-libx11-data_2%3a1.8.4-2+deb12u2_all.deb ...
#5 47.71 Unpacking libx11-data (2:1.8.4-2+deb12u2) ...
#5 47.90 Selecting previously unselected package libx11-6:amd64.
#5 47.90 Preparing to unpack .../077-libx11-6_2%3a1.8.4-2+deb12u2_amd64.deb ...
#5 47.91 Unpacking libx11-6:amd64 (2:1.8.4-2+deb12u2) ...
#5 48.06 Selecting previously unselected package libxcb-render0:amd64.
#5 48.06 Preparing to unpack .../078-libxcb-render0_1.15-1_amd64.deb ...
#5 48.07 Unpacking libxcb-render0:amd64 (1.15-1) ...
#5 48.15 Selecting previously unselected package libxcb-shm0:amd64.
#5 48.15 Preparing to unpack .../079-libxcb-shm0_1.15-1_amd64.deb ...
#5 48.15 Unpacking libxcb-shm0:amd64 (1.15-1) ...
#5 48.23 Selecting previously unselected package libxext6:amd64.
#5 48.23 Preparing to unpack .../080-libxext6_2%3a1.3.4-1+b1_amd64.deb ...
#5 48.25 Unpacking libxext6:amd64 (2:1.3.4-1+b1) ...
#5 48.32 Selecting previously unselected package libxrender1:amd64.
#5 48.32 Preparing to unpack .../081-libxrender1_1%3a0.9.10-1.1_amd64.deb ...
#5 48.33 Unpacking libxrender1:amd64 (1:0.9.10-1.1) ...
#5 48.39 Selecting previously unselected package libcairo2:amd64.
#5 48.40 Preparing to unpack .../082-libcairo2_1.16.0-7_amd64.deb ...
#5 48.40 Unpacking libcairo2:amd64 (1.16.0-7) ...
#5 48.56 Selecting previously unselected package libpangoft2-1.0-0:amd64.
#5 48.56 Preparing to unpack .../083-libpangoft2-1.0-0_1.50.12+ds-1_amd64.deb ...
#5 48.57 Unpacking libpangoft2-1.0-0:amd64 (1.50.12+ds-1) ...
#5 48.66 Selecting previously unselected package libpangocairo-1.0-0:amd64.
#5 48.67 Preparing to unpack .../084-libpangocairo-1.0-0_1.50.12+ds-1_amd64.deb ...
#5 48.67 Unpacking libpangocairo-1.0-0:amd64 (1.50.12+ds-1) ...
#5 48.73 Selecting previously unselected package libxft2:amd64.
#5 48.74 Preparing to unpack .../085-libxft2_2.3.6-1_amd64.deb ...
#5 48.74 Unpacking libxft2:amd64 (2.3.6-1) ...
#5 48.81 Selecting previously unselected package libpangoxft-1.0-0:amd64.
#5 48.81 Preparing to unpack .../086-libpangoxft-1.0-0_1.50.12+ds-1_amd64.deb ...
#5 48.81 Unpacking libpangoxft-1.0-0:amd64 (1.50.12+ds-1) ...
#5 48.86 Selecting previously unselected package gir1.2-pango-1.0:amd64.
#5 48.86 Preparing to unpack .../087-gir1.2-pango-1.0_1.50.12+ds-1_amd64.deb ...
#5 48.87 Unpacking gir1.2-pango-1.0:amd64 (1.50.12+ds-1) ...
#5 48.93 Selecting previously unselected package libcairo-gobject2:amd64.
#5 48.93 Preparing to unpack .../088-libcairo-gobject2_1.16.0-7_amd64.deb ...
#5 48.94 Unpacking libcairo-gobject2:amd64 (1.16.0-7) ...
#5 49.01 Selecting previously unselected package librsvg2-2:amd64.
#5 49.01 Preparing to unpack .../089-librsvg2-2_2.54.7+dfsg-1~deb12u1_amd64.deb ...
#5 49.02 Unpacking librsvg2-2:amd64 (2.54.7+dfsg-1~deb12u1) ...
#5 49.39 Selecting previously unselected package gir1.2-rsvg-2.0:amd64.
#5 49.40 Preparing to unpack .../090-gir1.2-rsvg-2.0_2.54.7+dfsg-1~deb12u1_amd64.deb ...
#5 49.40 Unpacking gir1.2-rsvg-2.0:amd64 (2.54.7+dfsg-1~deb12u1) ...
#5 49.45 Selecting previously unselected package icu-devtools.
#5 49.45 Preparing to unpack .../091-icu-devtools_72.1-3+deb12u1_amd64.deb ...
#5 49.46 Unpacking icu-devtools (72.1-3+deb12u1) ...
#5 49.54 Selecting previously unselected package libabsl20220623:amd64.
#5 49.54 Preparing to unpack .../092-libabsl20220623_20220623.1-1+deb12u2_amd64.deb ...
#5 49.55 Unpacking libabsl20220623:amd64 (20220623.1-1+deb12u2) ...
#5 49.69 Selecting previously unselected package libaom3:amd64.
#5 49.69 Preparing to unpack .../093-libaom3_3.6.0-1+deb12u2_amd64.deb ...
#5 49.69 Unpacking libaom3:amd64 (3.6.0-1+deb12u2) ...
#5 49.97 Selecting previously unselected package libdav1d6:amd64.
#5 49.97 Preparing to unpack .../094-libdav1d6_1.0.0-2+deb12u1_amd64.deb ...
#5 49.98 Unpacking libdav1d6:amd64 (1.0.0-2+deb12u1) ...
#5 50.13 Selecting previously unselected package libgav1-1:amd64.
#5 50.13 Preparing to unpack .../095-libgav1-1_0.18.0-1+b1_amd64.deb ...
#5 50.14 Unpacking libgav1-1:amd64 (0.18.0-1+b1) ...
#5 50.24 Selecting previously unselected package librav1e0:amd64.
#5 50.24 Preparing to unpack .../096-librav1e0_0.5.1-6_amd64.deb ...
#5 50.25 Unpacking librav1e0:amd64 (0.5.1-6) ...
#5 50.42 Selecting previously unselected package libsvtav1enc1:amd64.
#5 50.42 Preparing to unpack .../097-libsvtav1enc1_1.4.1+dfsg-1_amd64.deb ...
#5 50.43 Unpacking libsvtav1enc1:amd64 (1.4.1+dfsg-1) ...
#5 50.71 Selecting previously unselected package libyuv0:amd64.
#5 50.71 Preparing to unpack .../098-libyuv0_0.0~git20230123.b2528b0-1_amd64.deb ...
#5 50.71 Unpacking libyuv0:amd64 (0.0~git20230123.b2528b0-1) ...
#5 50.79 Selecting previously unselected package libavif15:amd64.
#5 50.79 Preparing to unpack .../099-libavif15_0.11.1-1+deb12u1_amd64.deb ...
#5 50.80 Unpacking libavif15:amd64 (0.11.1-1+deb12u1) ...
#5 50.86 Selecting previously unselected package uuid-dev:amd64.
#5 50.86 Preparing to unpack .../100-uuid-dev_2.38.1-5+deb12u3_amd64.deb ...
#5 50.87 Unpacking uuid-dev:amd64 (2.38.1-5+deb12u3) ...
#5 50.92 Selecting previously unselected package libblkid-dev:amd64.
#5 50.93 Preparing to unpack .../101-libblkid-dev_2.38.1-5+deb12u3_amd64.deb ...
#5 50.93 Unpacking libblkid-dev:amd64 (2.38.1-5+deb12u3) ...
#5 51.00 Selecting previously unselected package libbrotli-dev:amd64.
#5 51.00 Preparing to unpack .../102-libbrotli-dev_1.0.9-2+b6_amd64.deb ...
#5 51.01 Unpacking libbrotli-dev:amd64 (1.0.9-2+b6) ...
#5 51.12 Selecting previously unselected package libde265-0:amd64.
#5 51.13 Preparing to unpack .../103-libde265-0_1.0.11-1+deb12u2_amd64.deb ...
#5 51.13 Unpacking libde265-0:amd64 (1.0.11-1+deb12u2) ...
#5 51.21 Selecting previously unselected package libnuma1:amd64.
#5 51.21 Preparing to unpack .../104-libnuma1_2.0.16-1_amd64.deb ...
#5 51.22 Unpacking libnuma1:amd64 (2.0.16-1) ...
#5 51.28 Selecting previously unselected package libx265-199:amd64.
#5 51.28 Preparing to unpack .../105-libx265-199_3.5-2+b1_amd64.deb ...
#5 51.29 Unpacking libx265-199:amd64 (3.5-2+b1) ...
#5 51.54 Selecting previously unselected package libheif1:amd64.
#5 51.55 Preparing to unpack .../106-libheif1_1.15.1-1+deb12u1_amd64.deb ...
#5 51.55 Unpacking libheif1:amd64 (1.15.1-1+deb12u1) ...
#5 51.64 Selecting previously unselected package libxpm4:amd64.
#5 51.64 Preparing to unpack .../107-libxpm4_1%3a3.5.12-1.1+deb12u1_amd64.deb ...
#5 51.65 Unpacking libxpm4:amd64 (1:3.5.12-1.1+deb12u1) ...
#5 51.72 Selecting previously unselected package libgd3:amd64.
#5 51.72 Preparing to unpack .../108-libgd3_2.3.3-9_amd64.deb ...
#5 51.73 Unpacking libgd3:amd64 (2.3.3-9) ...
#5 51.79 Selecting previously unselected package libc-devtools.
#5 51.79 Preparing to unpack .../109-libc-devtools_2.36-9+deb12u13_amd64.deb ...
#5 51.80 Unpacking libc-devtools (2.36-9+deb12u13) ...
#5 51.86 Selecting previously unselected package liblzo2-2:amd64.
#5 51.86 Preparing to unpack .../110-liblzo2-2_2.10-2_amd64.deb ...
#5 51.87 Unpacking liblzo2-2:amd64 (2.10-2) ...
#5 51.94 Selecting previously unselected package libcairo-script-interpreter2:amd64.
#5 51.94 Preparing to unpack .../111-libcairo-script-interpreter2_1.16.0-7_amd64.deb ...
#5 51.94 Unpacking libcairo-script-interpreter2:amd64 (1.16.0-7) ...
#5 52.00 Selecting previously unselected package libexpat1-dev:amd64.
#5 52.00 Preparing to unpack .../112-libexpat1-dev_2.5.0-1+deb12u2_amd64.deb ...
#5 52.01 Unpacking libexpat1-dev:amd64 (2.5.0-1+deb12u2) ...
#5 52.08 Selecting previously unselected package zlib1g-dev:amd64.
#5 52.08 Preparing to unpack .../113-zlib1g-dev_1%3a1.2.13.dfsg-1_amd64.deb ...
#5 52.09 Unpacking zlib1g-dev:amd64 (1:1.2.13.dfsg-1) ...
#5 52.17 Selecting previously unselected package libpng-dev:amd64.
#5 52.17 Preparing to unpack .../114-libpng-dev_1.6.39-2+deb12u1_amd64.deb ...
#5 52.18 Unpacking libpng-dev:amd64 (1.6.39-2+deb12u1) ...
#5 52.28 Selecting previously unselected package libfreetype-dev:amd64.
#5 52.28 Preparing to unpack .../115-libfreetype-dev_2.12.1+dfsg-5+deb12u4_amd64.deb ...
#5 52.29 Unpacking libfreetype-dev:amd64 (2.12.1+dfsg-5+deb12u4) ...
#5 52.44 Selecting previously unselected package libpkgconf3:amd64.
#5 52.44 Preparing to unpack .../116-libpkgconf3_1.8.1-1_amd64.deb ...
#5 52.45 Unpacking libpkgconf3:amd64 (1.8.1-1) ...
#5 52.50 Selecting previously unselected package pkgconf-bin.
#5 52.51 Preparing to unpack .../117-pkgconf-bin_1.8.1-1_amd64.deb ...
#5 52.51 Unpacking pkgconf-bin (1.8.1-1) ...
#5 52.57 Selecting previously unselected package pkgconf:amd64.
#5 52.57 Preparing to unpack .../118-pkgconf_1.8.1-1_amd64.deb ...
#5 52.58 Unpacking pkgconf:amd64 (1.8.1-1) ...
#5 52.64 Selecting previously unselected package pkg-config:amd64.
#5 52.65 Preparing to unpack .../119-pkg-config_1.8.1-1_amd64.deb ...
#5 52.66 Unpacking pkg-config:amd64 (1.8.1-1) ...
#5 52.71 Selecting previously unselected package libfontconfig-dev:amd64.
#5 52.71 Preparing to unpack .../120-libfontconfig-dev_2.14.1-4_amd64.deb ...
#5 52.72 Unpacking libfontconfig-dev:amd64 (2.14.1-4) ...
#5 52.79 Selecting previously unselected package libffi-dev:amd64.
#5 52.80 Preparing to unpack .../121-libffi-dev_3.4.4-1_amd64.deb ...
#5 52.80 Unpacking libffi-dev:amd64 (3.4.4-1) ...
#5 52.86 Selecting previously unselected package libglib2.0-data.
#5 52.86 Preparing to unpack .../122-libglib2.0-data_2.74.6-2+deb12u7_all.deb ...
#5 52.87 Unpacking libglib2.0-data (2.74.6-2+deb12u7) ...
#5 53.11 Selecting previously unselected package libelf1:amd64.
#5 53.11 Preparing to unpack .../123-libelf1_0.188-2.1_amd64.deb ...
#5 53.12 Unpacking libelf1:amd64 (0.188-2.1) ...
#5 53.19 Selecting previously unselected package libglib2.0-bin.
#5 53.19 Preparing to unpack .../124-libglib2.0-bin_2.74.6-2+deb12u7_amd64.deb ...
#5 53.20 Unpacking libglib2.0-bin (2.74.6-2+deb12u7) ...
#5 53.27 Selecting previously unselected package python3-lib2to3.
#5 53.27 Preparing to unpack .../125-python3-lib2to3_3.11.2-3_all.deb ...
#5 53.28 Unpacking python3-lib2to3 (3.11.2-3) ...
#5 53.38 Selecting previously unselected package python3-distutils.
#5 53.38 Preparing to unpack .../126-python3-distutils_3.11.2-3_all.deb ...
#5 53.38 Unpacking python3-distutils (3.11.2-3) ...
#5 53.45 Selecting previously unselected package libglib2.0-dev-bin.
#5 53.46 Preparing to unpack .../127-libglib2.0-dev-bin_2.74.6-2+deb12u7_amd64.deb ...
#5 53.46 Unpacking libglib2.0-dev-bin (2.74.6-2+deb12u7) ...
#5 53.53 Selecting previously unselected package libsepol-dev:amd64.
#5 53.53 Preparing to unpack .../128-libsepol-dev_3.4-2.1_amd64.deb ...
#5 53.54 Unpacking libsepol-dev:amd64 (3.4-2.1) ...
#5 53.67 Selecting previously unselected package libpcre2-16-0:amd64.
#5 53.67 Preparing to unpack .../129-libpcre2-16-0_10.42-1_amd64.deb ...
#5 53.68 Unpacking libpcre2-16-0:amd64 (10.42-1) ...
#5 53.77 Selecting previously unselected package libpcre2-32-0:amd64.
#5 53.77 Preparing to unpack .../130-libpcre2-32-0_10.42-1_amd64.deb ...
#5 53.78 Unpacking libpcre2-32-0:amd64 (10.42-1) ...
#5 53.87 Selecting previously unselected package libpcre2-posix3:amd64.
#5 53.87 Preparing to unpack .../131-libpcre2-posix3_10.42-1_amd64.deb ...
#5 53.88 Unpacking libpcre2-posix3:amd64 (10.42-1) ...
#5 53.94 Selecting previously unselected package libpcre2-dev:amd64.
#5 53.94 Preparing to unpack .../132-libpcre2-dev_10.42-1_amd64.deb ...
#5 53.95 Unpacking libpcre2-dev:amd64 (10.42-1) ...
#5 54.12 Selecting previously unselected package libselinux1-dev:amd64.
#5 54.13 Preparing to unpack .../133-libselinux1-dev_3.4-1+b6_amd64.deb ...
#5 54.14 Unpacking libselinux1-dev:amd64 (3.4-1+b6) ...
#5 54.23 Selecting previously unselected package libmount-dev:amd64.
#5 54.24 Preparing to unpack .../134-libmount-dev_2.38.1-5+deb12u3_amd64.deb ...
#5 54.24 Unpacking libmount-dev:amd64 (2.38.1-5+deb12u3) ...
#5 54.30 Selecting previously unselected package libglib2.0-dev:amd64.
#5 54.30 Preparing to unpack .../135-libglib2.0-dev_2.74.6-2+deb12u7_amd64.deb ...
#5 54.31 Unpacking libglib2.0-dev:amd64 (2.74.6-2+deb12u7) ...
#5 54.58 Selecting previously unselected package libpixman-1-dev:amd64.
#5 54.59 Preparing to unpack .../136-libpixman-1-dev_0.42.2-1_amd64.deb ...
#5 54.59 Unpacking libpixman-1-dev:amd64 (0.42.2-1) ...
#5 54.71 Selecting previously unselected package x11-common.
#5 54.71 Preparing to unpack .../137-x11-common_1%3a7.7+23_all.deb ...
#5 54.72 Unpacking x11-common (1:7.7+23) ...
#5 54.79 Selecting previously unselected package libice6:amd64.
#5 54.79 Preparing to unpack .../138-libice6_2%3a1.0.10-1_amd64.deb ...
#5 54.80 Unpacking libice6:amd64 (2:1.0.10-1) ...
#5 54.86 Selecting previously unselected package libsm6:amd64.
#5 54.86 Preparing to unpack .../139-libsm6_2%3a1.2.3-1_amd64.deb ...
#5 54.87 Unpacking libsm6:amd64 (2:1.2.3-1) ...
#5 54.92 Selecting previously unselected package xorg-sgml-doctools.
#5 54.92 Preparing to unpack .../140-xorg-sgml-doctools_1%3a1.11-1.1_all.deb ...
#5 54.93 Unpacking xorg-sgml-doctools (1:1.11-1.1) ...
#5 54.98 Selecting previously unselected package x11proto-dev.
#5 54.98 Preparing to unpack .../141-x11proto-dev_2022.1-1_all.deb ...
#5 54.99 Unpacking x11proto-dev (2022.1-1) ...
#5 55.14 Selecting previously unselected package x11proto-core-dev.
#5 55.14 Preparing to unpack .../142-x11proto-core-dev_2022.1-1_all.deb ...
#5 55.15 Unpacking x11proto-core-dev (2022.1-1) ...
#5 55.21 Selecting previously unselected package libice-dev:amd64.
#5 55.21 Preparing to unpack .../143-libice-dev_2%3a1.0.10-1_amd64.deb ...
#5 55.22 Unpacking libice-dev:amd64 (2:1.0.10-1) ...
#5 55.28 Selecting previously unselected package libsm-dev:amd64.
#5 55.28 Preparing to unpack .../144-libsm-dev_2%3a1.2.3-1_amd64.deb ...
#5 55.29 Unpacking libsm-dev:amd64 (2:1.2.3-1) ...
#5 55.36 Selecting previously unselected package libxau-dev:amd64.
#5 55.36 Preparing to unpack .../145-libxau-dev_1%3a1.0.9-1_amd64.deb ...
#5 55.37 Unpacking libxau-dev:amd64 (1:1.0.9-1) ...
#5 55.42 Selecting previously unselected package libxdmcp-dev:amd64.
#5 55.43 Preparing to unpack .../146-libxdmcp-dev_1%3a1.1.2-3_amd64.deb ...
#5 55.43 Unpacking libxdmcp-dev:amd64 (1:1.1.2-3) ...
#5 55.49 Selecting previously unselected package xtrans-dev.
#5 55.49 Preparing to unpack .../147-xtrans-dev_1.4.0-1_all.deb ...
#5 55.50 Unpacking xtrans-dev (1.4.0-1) ...
#5 55.55 Selecting previously unselected package libpthread-stubs0-dev:amd64.
#5 55.55 Preparing to unpack .../148-libpthread-stubs0-dev_0.4-1_amd64.deb ...
#5 55.56 Unpacking libpthread-stubs0-dev:amd64 (0.4-1) ...
#5 55.61 Selecting previously unselected package libxcb1-dev:amd64.
#5 55.62 Preparing to unpack .../149-libxcb1-dev_1.15-1_amd64.deb ...
#5 55.62 Unpacking libxcb1-dev:amd64 (1.15-1) ...
#5 55.70 Selecting previously unselected package libx11-dev:amd64.
#5 55.70 Preparing to unpack .../150-libx11-dev_2%3a1.8.4-2+deb12u2_amd64.deb ...
#5 55.71 Unpacking libx11-dev:amd64 (2:1.8.4-2+deb12u2) ...
#5 55.87 Selecting previously unselected package libxcb-render0-dev:amd64.
#5 55.88 Preparing to unpack .../151-libxcb-render0-dev_1.15-1_amd64.deb ...
#5 55.88 Unpacking libxcb-render0-dev:amd64 (1.15-1) ...
#5 55.95 Selecting previously unselected package libxcb-shm0-dev:amd64.
#5 55.95 Preparing to unpack .../152-libxcb-shm0-dev_1.15-1_amd64.deb ...
#5 55.96 Unpacking libxcb-shm0-dev:amd64 (1.15-1) ...
#5 56.01 Selecting previously unselected package libxext-dev:amd64.
#5 56.02 Preparing to unpack .../153-libxext-dev_2%3a1.3.4-1+b1_amd64.deb ...
#5 56.02 Unpacking libxext-dev:amd64 (2:1.3.4-1+b1) ...
#5 56.08 Selecting previously unselected package libxrender-dev:amd64.
#5 56.09 Preparing to unpack .../154-libxrender-dev_1%3a0.9.10-1.1_amd64.deb ...
#5 56.09 Unpacking libxrender-dev:amd64 (1:0.9.10-1.1) ...
#5 56.14 Selecting previously unselected package libcairo2-dev:amd64.
#5 56.15 Preparing to unpack .../155-libcairo2-dev_1.16.0-7_amd64.deb ...
#5 56.15 Unpacking libcairo2-dev:amd64 (1.16.0-7) ...
#5 56.31 Selecting previously unselected package libdatrie-dev:amd64.
#5 56.32 Preparing to unpack .../156-libdatrie-dev_0.2.13-2+b1_amd64.deb ...
#5 56.32 Unpacking libdatrie-dev:amd64 (0.2.13-2+b1) ...
#5 56.38 Selecting previously unselected package libdeflate-dev:amd64.
#5 56.38 Preparing to unpack .../157-libdeflate-dev_1.14-1_amd64.deb ...
#5 56.39 Unpacking libdeflate-dev:amd64 (1.14-1) ...
#5 56.44 Selecting previously unselected package libfribidi-dev:amd64.
#5 56.44 Preparing to unpack .../158-libfribidi-dev_1.0.8-2.1_amd64.deb ...
#5 56.45 Unpacking libfribidi-dev:amd64 (1.0.8-2.1) ...
#5 56.51 Selecting previously unselected package libgdk-pixbuf2.0-bin.
#5 56.52 Preparing to unpack .../159-libgdk-pixbuf2.0-bin_2.42.10+dfsg-1+deb12u2_amd64.deb ...
#5 56.52 Unpacking libgdk-pixbuf2.0-bin (2.42.10+dfsg-1+deb12u2) ...
#5 56.57 Selecting previously unselected package libjpeg62-turbo-dev:amd64.
#5 56.57 Preparing to unpack .../160-libjpeg62-turbo-dev_1%3a2.1.5-2_amd64.deb ...
#5 56.58 Unpacking libjpeg62-turbo-dev:amd64 (1:2.1.5-2) ...
#5 56.67 Selecting previously unselected package libjpeg-dev:amd64.
#5 56.67 Preparing to unpack .../161-libjpeg-dev_1%3a2.1.5-2_amd64.deb ...
#5 56.68 Unpacking libjpeg-dev:amd64 (1:2.1.5-2) ...
#5 56.74 Selecting previously unselected package libjbig-dev:amd64.
#5 56.74 Preparing to unpack .../162-libjbig-dev_2.1-6.1_amd64.deb ...
#5 56.75 Unpacking libjbig-dev:amd64 (2.1-6.1) ...
#5 56.80 Selecting previously unselected package liblzma-dev:amd64.
#5 56.80 Preparing to unpack .../163-liblzma-dev_5.4.1-1_amd64.deb ...
#5 56.81 Unpacking liblzma-dev:amd64 (5.4.1-1) ...
#5 56.88 Selecting previously unselected package libzstd-dev:amd64.
#5 56.89 Preparing to unpack .../164-libzstd-dev_1.5.4+dfsg2-5_amd64.deb ...
#5 56.89 Unpacking libzstd-dev:amd64 (1.5.4+dfsg2-5) ...
#5 57.03 Selecting previously unselected package libwebpmux3:amd64.
#5 57.03 Preparing to unpack .../165-libwebpmux3_1.2.4-0.2+deb12u1_amd64.deb ...
#5 57.04 Unpacking libwebpmux3:amd64 (1.2.4-0.2+deb12u1) ...
#5 57.11 Selecting previously unselected package libwebpdemux2:amd64.
#5 57.11 Preparing to unpack .../166-libwebpdemux2_1.2.4-0.2+deb12u1_amd64.deb ...
#5 57.12 Unpacking libwebpdemux2:amd64 (1.2.4-0.2+deb12u1) ...
#5 57.17 Selecting previously unselected package libwebp-dev:amd64.
#5 57.18 Preparing to unpack .../167-libwebp-dev_1.2.4-0.2+deb12u1_amd64.deb ...
#5 57.21 Unpacking libwebp-dev:amd64 (1.2.4-0.2+deb12u1) ...
#5 57.32 Selecting previously unselected package libtiffxx6:amd64.
#5 57.32 Preparing to unpack .../168-libtiffxx6_4.5.0-6+deb12u3_amd64.deb ...
#5 57.33 Unpacking libtiffxx6:amd64 (4.5.0-6+deb12u3) ...
#5 57.39 Selecting previously unselected package liblerc-dev:amd64.
#5 57.39 Preparing to unpack .../169-liblerc-dev_4.0.0+ds-2_amd64.deb ...
#5 57.40 Unpacking liblerc-dev:amd64 (4.0.0+ds-2) ...
#5 57.47 Selecting previously unselected package libtiff-dev:amd64.
#5 57.47 Preparing to unpack .../170-libtiff-dev_4.5.0-6+deb12u3_amd64.deb ...
#5 57.48 Unpacking libtiff-dev:amd64 (4.5.0-6+deb12u3) ...
#5 57.57 Selecting previously unselected package libgdk-pixbuf-2.0-dev:amd64.
#5 57.57 Preparing to unpack .../171-libgdk-pixbuf-2.0-dev_2.42.10+dfsg-1+deb12u2_amd64.deb ...
#5 57.58 Unpacking libgdk-pixbuf-2.0-dev:amd64 (2.42.10+dfsg-1+deb12u2) ...
#5 57.65 Selecting previously unselected package libgif7:amd64.
#5 57.65 Preparing to unpack .../172-libgif7_5.2.1-2.5_amd64.deb ...
#5 57.66 Unpacking libgif7:amd64 (5.2.1-2.5) ...
#5 57.72 Selecting previously unselected package libgif-dev:amd64.
#5 57.72 Preparing to unpack .../173-libgif-dev_5.2.1-2.5_amd64.deb ...
#5 57.73 Unpacking libgif-dev:amd64 (5.2.1-2.5) ...
#5 57.79 Selecting previously unselected package libgpm2:amd64.
#5 57.79 Preparing to unpack .../174-libgpm2_1.20.7-10+b1_amd64.deb ...
#5 57.80 Unpacking libgpm2:amd64 (1.20.7-10+b1) ...
#5 57.85 Selecting previously unselected package libgraphite2-dev:amd64.
#5 57.86 Preparing to unpack .../175-libgraphite2-dev_1.3.14-1_amd64.deb ...
#5 57.86 Unpacking libgraphite2-dev:amd64 (1.3.14-1) ...
#5 57.92 Selecting previously unselected package libharfbuzz-icu0:amd64.
#5 57.92 Preparing to unpack .../176-libharfbuzz-icu0_6.0.0+dfsg-3_amd64.deb ...
#5 57.93 Unpacking libharfbuzz-icu0:amd64 (6.0.0+dfsg-3) ...
#5 58.02 Selecting previously unselected package libharfbuzz-gobject0:amd64.
#5 58.03 Preparing to unpack .../177-libharfbuzz-gobject0_6.0.0+dfsg-3_amd64.deb ...
#5 58.03 Unpacking libharfbuzz-gobject0:amd64 (6.0.0+dfsg-3) ...
#5 58.13 Selecting previously unselected package libharfbuzz-subset0:amd64.
#5 58.13 Preparing to unpack .../178-libharfbuzz-subset0_6.0.0+dfsg-3_amd64.deb ...
#5 58.13 Unpacking libharfbuzz-subset0:amd64 (6.0.0+dfsg-3) ...
#5 58.27 Selecting previously unselected package libicu-dev:amd64.
#5 58.27 Preparing to unpack .../179-libicu-dev_72.1-3+deb12u1_amd64.deb ...
#5 58.28 Unpacking libicu-dev:amd64 (72.1-3+deb12u1) ...
#5 59.18 Selecting previously unselected package libharfbuzz-dev:amd64.
#5 59.19 Preparing to unpack .../180-libharfbuzz-dev_6.0.0+dfsg-3_amd64.deb ...
#5 59.19 Unpacking libharfbuzz-dev:amd64 (6.0.0+dfsg-3) ...
#5 59.29 Selecting previously unselected package libthai-dev:amd64.
#5 59.29 Preparing to unpack .../181-libthai-dev_0.1.29-1_amd64.deb ...
#5 59.30 Unpacking libthai-dev:amd64 (0.1.29-1) ...
#5 59.36 Selecting previously unselected package libxft-dev:amd64.
#5 59.36 Preparing to unpack .../182-libxft-dev_2.3.6-1_amd64.deb ...
#5 59.37 Unpacking libxft-dev:amd64 (2.3.6-1) ...
#5 59.43 Selecting previously unselected package pango1.0-tools.
#5 59.43 Preparing to unpack .../183-pango1.0-tools_1.50.12+ds-1_amd64.deb ...
#5 59.44 Unpacking pango1.0-tools (1.50.12+ds-1) ...
#5 59.51 Selecting previously unselected package libpango1.0-dev:amd64.
#5 59.51 Preparing to unpack .../184-libpango1.0-dev_1.50.12+ds-1_amd64.deb ...
#5 59.52 Unpacking libpango1.0-dev:amd64 (1.50.12+ds-1) ...
#5 59.60 Selecting previously unselected package libpng-tools.
#5 59.60 Preparing to unpack .../185-libpng-tools_1.6.39-2+deb12u1_amd64.deb ...
#5 59.61 Unpacking libpng-tools (1.6.39-2+deb12u1) ...
#5 59.67 Selecting previously unselected package librsvg2-common:amd64.
#5 59.68 Preparing to unpack .../186-librsvg2-common_2.54.7+dfsg-1~deb12u1_amd64.deb ...
#5 59.68 Unpacking librsvg2-common:amd64 (2.54.7+dfsg-1~deb12u1) ...
#5 59.73 Selecting previously unselected package librsvg2-dev:amd64.
#5 59.73 Preparing to unpack .../187-librsvg2-dev_2.54.7+dfsg-1~deb12u1_amd64.deb ...
#5 59.74 Unpacking librsvg2-dev:amd64 (2.54.7+dfsg-1~deb12u1) ...
#5 59.80 Selecting previously unselected package make.
#5 59.80 Preparing to unpack .../188-make_4.3-4.1_amd64.deb ...
#5 59.81 Unpacking make (4.3-4.1) ...
#5 59.91 Selecting previously unselected package manpages-dev.
#5 59.91 Preparing to unpack .../189-manpages-dev_6.03-2_all.deb ...
#5 59.92 Unpacking manpages-dev (6.03-2) ...
#5 60.28 Selecting previously unselected package xdg-user-dirs.
#5 60.28 Preparing to unpack .../190-xdg-user-dirs_0.18-1_amd64.deb ...
#5 60.29 Unpacking xdg-user-dirs (0.18-1) ...
#5 60.44 Setting up media-types (10.0.0) ...
#5 60.47 Setting up libgraphite2-3:amd64 (1.3.14-1) ...
#5 60.49 Setting up libpixman-1-0:amd64 (0.42.2-1) ...
#5 60.51 Setting up libaom3:amd64 (3.6.0-1+deb12u2) ...
#5 60.54 Setting up libabsl20220623:amd64 (20220623.1-1+deb12u2) ...
#5 60.56 Setting up libxau6:amd64 (1:1.0.9-1) ...
#5 60.58 Setting up libkeyutils1:amd64 (1.6.3-2) ...
#5 60.59 Setting up libpixman-1-dev:amd64 (0.42.2-1) ...
#5 60.61 Setting up libgpm2:amd64 (1.20.7-10+b1) ...
#5 60.63 Setting up libicu72:amd64 (72.1-3+deb12u1) ...
#5 60.65 Setting up liblerc4:amd64 (4.0.0+ds-2) ...
#5 60.67 Setting up libzstd-dev:amd64 (1.5.4+dfsg2-5) ...
#5 60.69 Setting up libdatrie1:amd64 (0.2.13-2+b1) ...
#5 60.71 Setting up xdg-user-dirs (0.18-1) ...
#5 60.75 Setting up libglib2.0-0:amd64 (2.74.6-2+deb12u7) ...
#5 60.77 No schema files found: doing nothing.
#5 60.79 Setting up manpages (6.03-2) ...
#5 60.81 Setting up libtirpc-common (1.3.3+ds-1) ...
#5 60.84 Setting up libbrotli1:amd64 (1.0.9-2+b6) ...
#5 60.86 Setting up libsqlite3-0:amd64 (3.40.1-2+deb12u2) ...
#5 60.88 Setting up libgdk-pixbuf2.0-common (2.42.10+dfsg-1+deb12u2) ...
#5 60.90 Setting up binutils-common:amd64 (2.40-2) ...
#5 60.93 Setting up x11-common (1:7.7+23) ...
#5 61.13 debconf: unable to initialize frontend: Dialog
#5 61.13 debconf: (TERM is not set, so the dialog frontend is not usable.)
#5 61.13 debconf: falling back to frontend: Readline
#5 61.13 debconf: unable to initialize frontend: Readline
#5 61.13 debconf: (Can't locate Term/ReadLine.pm in @INC (you may need to install the Term::ReadLine module) (@INC contains: /etc/perl /usr/local/lib/x86_64-linux-gnu/perl/5.36.0 /usr/local/share/perl/5.36.0 /usr/lib/x86_64-linux-gnu/perl5/5.36 /usr/share/perl5 /usr/lib/x86_64-linux-gnu/perl-base /usr/lib/x86_64-linux-gnu/perl/5.36 /usr/share/perl/5.36 /usr/local/lib/site_perl) at /usr/share/perl5/Debconf/FrontEnd/Readline.pm line 7.)
#5 61.13 debconf: falling back to frontend: Teletype
#5 61.16 invoke-rc.d: could not determine current runlevel
#5 61.16 invoke-rc.d: policy-rc.d denied execution of restart.
#5 61.21 Setting up libdeflate0:amd64 (1.14-1) ...
#5 61.23 Setting up linux-libc-dev:amd64 (6.1.158-1) ...
#5 61.25 Setting up libctf-nobfd0:amd64 (2.40-2) ...
#5 61.27 Setting up liblzo2-2:amd64 (2.10-2) ...
#5 61.29 Setting up krb5-locales (1.20.1-2+deb12u4) ...
#5 61.31 Setting up libsvtav1enc1:amd64 (1.4.1+dfsg-1) ...
#5 61.32 Setting up libgomp1:amd64 (12.2.0-14+deb12u1) ...
#5 61.34 Setting up libffi-dev:amd64 (3.4.4-1) ...
#5 61.36 Setting up libpthread-stubs0-dev:amd64 (0.4-1) ...
#5 61.38 Setting up libjbig0:amd64 (2.1-6.1) ...
#5 61.40 Setting up librav1e0:amd64 (0.5.1-6) ...
#5 61.41 Setting up libpcre2-16-0:amd64 (10.42-1) ...
#5 61.43 Setting up libjansson4:amd64 (2.14-2) ...
#5 61.45 Setting up libkrb5support0:amd64 (1.20.1-2+deb12u4) ...
#5 61.47 Setting up xtrans-dev (1.4.0-1) ...
#5 61.49 Setting up libgraphite2-dev:amd64 (1.3.14-1) ...
#5 61.51 Setting up libpcre2-32-0:amd64 (10.42-1) ...
#5 61.52 Setting up libglib2.0-data (2.74.6-2+deb12u7) ...
#5 61.54 Setting up libpkgconf3:amd64 (1.8.1-1) ...
#5 61.56 Setting up rpcsvc-proto (1.4.3-1) ...
#5 61.58 Setting up libjpeg62-turbo:amd64 (1:2.1.5-2) ...
#5 61.60 Setting up libx11-data (2:1.8.4-2+deb12u2) ...
#5 61.62 Setting up make (4.3-4.1) ...
#5 61.64 Setting up libmpfr6:amd64 (4.2.0-1) ...
#5 61.65 Setting up libfribidi0:amd64 (1.0.8-2.1) ...
#5 61.67 Setting up libquadmath0:amd64 (12.2.0-14+deb12u1) ...
#5 61.69 Setting up libpng16-16:amd64 (1.6.39-2+deb12u1) ...
#5 61.71 Setting up libmpc3:amd64 (1.3.1-1) ...
#5 61.73 Setting up libatomic1:amd64 (12.2.0-14+deb12u1) ...
#5 61.75 Setting up icu-devtools (72.1-3+deb12u1) ...
#5 61.77 Setting up fonts-dejavu-core (2.37-6) ...
#5 61.87 Setting up libgav1-1:amd64 (0.18.0-1+b1) ...
#5 61.89 Setting up libsepol-dev:amd64 (3.4-2.1) ...
#5 61.90 Setting up pkgconf-bin (1.8.1-1) ...
#5 61.92 Setting up liblerc-dev:amd64 (4.0.0+ds-2) ...
#5 61.94 Setting up libncursesw6:amd64 (6.4-4) ...
#5 61.96 Setting up libk5crypto3:amd64 (1.20.1-2+deb12u4) ...
#5 61.99 Setting up libdav1d6:amd64 (1.0.0-2+deb12u1) ...
#5 62.01 Setting up libwebp7:amd64 (1.2.4-0.2+deb12u1) ...
#5 62.03 Setting up liblzma-dev:amd64 (5.4.1-1) ...
#5 62.05 Setting up libubsan1:amd64 (12.2.0-14+deb12u1) ...
#5 62.07 Setting up libgif7:amd64 (5.2.1-2.5) ...
#5 62.09 Setting up libnuma1:amd64 (2.0.16-1) ...
#5 62.11 Setting up libpcre2-posix3:amd64 (10.42-1) ...
#5 62.12 Setting up libgif-dev:amd64 (5.2.1-2.5) ...
#5 62.15 Setting up libcrypt-dev:amd64 (1:4.4.33-2) ...
#5 62.17 Setting up libtiff6:amd64 (4.5.0-6+deb12u3) ...
#5 62.19 Setting up libasan8:amd64 (12.2.0-14+deb12u1) ...
#5 62.21 Setting up libthai-data (0.1.29-1) ...
#5 62.23 Setting up libgirepository-1.0-1:amd64 (1.74.0-3) ...
#5 62.25 Setting up xorg-sgml-doctools (1:1.11-1.1) ...
#5 62.30 Setting up libkrb5-3:amd64 (1.20.1-2+deb12u4) ...
#5 62.32 Setting up libtsan2:amd64 (12.2.0-14+deb12u1) ...
#5 62.33 Setting up libbinutils:amd64 (2.40-2) ...
#5 62.35 Setting up libisl23:amd64 (0.25-1.1) ...
#5 62.37 Setting up libde265-0:amd64 (1.0.11-1+deb12u2) ...
#5 62.39 Setting up libc-dev-bin (2.36-9+deb12u13) ...
#5 62.41 Setting up openssl (3.0.17-1~deb12u3) ...
#5 62.44 Setting up libwebpmux3:amd64 (1.2.4-0.2+deb12u1) ...
#5 62.46 Setting up libbsd0:amd64 (0.11.7-2) ...
#5 62.49 Setting up libtiffxx6:amd64 (4.5.0-6+deb12u3) ...
#5 62.51 Setting up libdeflate-dev:amd64 (1.14-1) ...
#5 62.52 Setting up libyuv0:amd64 (0.0~git20230123.b2528b0-1) ...
#5 62.54 Setting up libelf1:amd64 (0.188-2.1) ...
#5 62.56 Setting up readline-common (8.2-1.3) ...
#5 62.59 Setting up libxml2:amd64 (2.9.14+dfsg-1.3~deb12u4) ...
#5 62.61 Setting up libcc1-0:amd64 (12.2.0-14+deb12u1) ...
#5 62.63 Setting up libbrotli-dev:amd64 (1.0.9-2+b6) ...
#5 62.64 Setting up liblsan0:amd64 (12.2.0-14+deb12u1) ...
#5 62.67 Setting up libitm1:amd64 (12.2.0-14+deb12u1) ...
#5 62.69 Setting up libctf0:amd64 (2.40-2) ...
#5 62.71 Setting up x11proto-dev (2022.1-1) ...
#5 62.73 Setting up manpages-dev (6.03-2) ...
#5 62.75 Setting up libice6:amd64 (2:1.0.10-1) ...
#5 62.77 Setting up libxdmcp6:amd64 (1:1.1.2-3) ...
#5 62.79 Setting up cpp-12 (12.2.0-14+deb12u1) ...
#5 62.81 Setting up libxcb1:amd64 (1.15-1) ...
#5 62.83 Setting up libxau-dev:amd64 (1:1.0.9-1) ...
#5 62.85 Setting up libavif15:amd64 (0.11.1-1+deb12u1) ...
#5 62.87 Setting up libice-dev:amd64 (2:1.0.10-1) ...
#5 62.89 Setting up libpng-tools (1.6.39-2+deb12u1) ...
#5 62.91 Setting up libxcb-render0:amd64 (1.15-1) ...
#5 62.93 Setting up fontconfig-config (2.14.1-4) ...
#5 63.06 debconf: unable to initialize frontend: Dialog
#5 63.06 debconf: (TERM is not set, so the dialog frontend is not usable.)
#5 63.06 debconf: falling back to frontend: Readline
#5 63.06 debconf: unable to initialize frontend: Readline
#5 63.06 debconf: (Can't locate Term/ReadLine.pm in @INC (you may need to install the Term::ReadLine module) (@INC contains: /etc/perl /usr/local/lib/x86_64-linux-gnu/perl/5.36.0 /usr/local/share/perl/5.36.0 /usr/lib/x86_64-linux-gnu/perl5/5.36 /usr/share/perl5 /usr/lib/x86_64-linux-gnu/perl-base /usr/lib/x86_64-linux-gnu/perl/5.36 /usr/share/perl/5.36 /usr/local/lib/site_perl) at /usr/share/perl5/Debconf/FrontEnd/Readline.pm line 7.)
#5 63.06 debconf: falling back to frontend: Teletype
#5 63.35 Setting up libfribidi-dev:amd64 (1.0.8-2.1) ...
#5 63.37 Setting up libwebpdemux2:amd64 (1.2.4-0.2+deb12u1) ...
#5 63.38 Setting up libreadline8:amd64 (8.2-1.3) ...
#5 63.40 Setting up libjbig-dev:amd64 (2.1-6.1) ...
#5 63.42 Setting up libglib2.0-bin (2.74.6-2+deb12u7) ...
#5 63.44 Setting up libxcb-shm0:amd64 (1.15-1) ...
#5 63.46 Setting up pkgconf:amd64 (1.8.1-1) ...
#5 63.48 Setting up libthai0:amd64 (0.1.29-1) ...
#5 63.50 Setting up ca-certificates (20230311+deb12u1) ...
#5 63.61 debconf: unable to initialize frontend: Dialog
#5 63.61 debconf: (TERM is not set, so the dialog frontend is not usable.)
#5 63.61 debconf: falling back to frontend: Readline
#5 63.61 debconf: unable to initialize frontend: Readline
#5 63.61 debconf: (Can't locate Term/ReadLine.pm in @INC (you may need to install the Term::ReadLine module) (@INC contains: /etc/perl /usr/local/lib/x86_64-linux-gnu/perl/5.36.0 /usr/local/share/perl/5.36.0 /usr/lib/x86_64-linux-gnu/perl5/5.36 /usr/share/perl5 /usr/lib/x86_64-linux-gnu/perl-base /usr/lib/x86_64-linux-gnu/perl/5.36 /usr/share/perl/5.36 /usr/local/lib/site_perl) at /usr/share/perl5/Debconf/FrontEnd/Readline.pm line 7.)
#5 63.61 debconf: falling back to frontend: Teletype
#5 64.37 Updating certificates in /etc/ssl/certs...
#5 65.40 142 added, 0 removed; done.
#5 65.50 Setting up libxdmcp-dev:amd64 (1:1.1.2-3) ...
#5 65.51 Setting up libgprofng0:amd64 (2.40-2) ...
#5 65.53 Setting up libwebp-dev:amd64 (1.2.4-0.2+deb12u1) ...
#5 65.55 Setting up libfreetype6:amd64 (2.12.1+dfsg-5+deb12u4) ...
#5 65.57 Setting up x11proto-core-dev (2022.1-1) ...
#5 65.59 Setting up libgcc-12-dev:amd64 (12.2.0-14+deb12u1) ...
#5 65.61 Setting up shared-mime-info (2.2-1) ...
#5 69.04 Setting up libgssapi-krb5-2:amd64 (1.20.1-2+deb12u4) ...
#5 69.07 Setting up pkg-config:amd64 (1.8.1-1) ...
#5 69.09 Setting up gir1.2-glib-2.0:amd64 (1.74.0-3) ...
#5 69.11 Setting up libx265-199:amd64 (3.5-2+b1) ...
#5 69.13 Setting up libdatrie-dev:amd64 (0.2.13-2+b1) ...
#5 69.14 Setting up cpp (4:12.2.0-3) ...
#5 69.18 Setting up libx11-6:amd64 (2:1.8.4-2+deb12u2) ...
#5 69.20 Setting up libharfbuzz0b:amd64 (6.0.0+dfsg-3) ...
#5 69.21 Setting up libgdk-pixbuf-2.0-0:amd64 (2.42.10+dfsg-1+deb12u2) ...
#5 69.28 Setting up libfontconfig1:amd64 (2.14.1-4) ...
#5 69.30 Setting up libsm6:amd64 (2:1.2.3-1) ...
#5 69.32 Setting up binutils-x86-64-linux-gnu (2.40-2) ...
#5 69.34 Setting up libtirpc3:amd64 (1.3.3+ds-1) ...
#5 69.36 Setting up fontconfig (2.14.1-4) ...
#5 69.37 Regenerating fonts cache... done.
#5 71.43 Setting up gir1.2-freedesktop:amd64 (1.74.0-3) ...
#5 71.45 Setting up libharfbuzz-icu0:amd64 (6.0.0+dfsg-3) ...
#5 71.47 Setting up libxcb1-dev:amd64 (1.15-1) ...
#5 71.49 Setting up libxpm4:amd64 (1:3.5.12-1.1+deb12u1) ...
#5 71.51 Setting up libxrender1:amd64 (1:0.9.10-1.1) ...
#5 71.53 Setting up gir1.2-gdkpixbuf-2.0:amd64 (2.42.10+dfsg-1+deb12u2) ...
#5 71.55 Setting up libsm-dev:amd64 (2:1.2.3-1) ...
#5 71.57 Setting up libpango-1.0-0:amd64 (1.50.12+ds-1) ...
#5 71.59 Setting up libheif1:amd64 (1.15.1-1+deb12u1) ...
#5 71.61 Setting up libx11-dev:amd64 (2:1.8.4-2+deb12u2) ...
#5 71.62 Setting up libxext6:amd64 (2:1.3.4-1+b1) ...
#5 71.64 Setting up libharfbuzz-gobject0:amd64 (6.0.0+dfsg-3) ...
#5 71.66 Setting up binutils (2.40-2) ...
#5 71.68 Setting up gir1.2-harfbuzz-0.0:amd64 (6.0.0+dfsg-3) ...
#5 71.69 Setting up libcairo2:amd64 (1.16.0-7) ...
#5 71.71 Setting up libxcb-shm0-dev:amd64 (1.15-1) ...
#5 71.73 Setting up libtirpc-dev:amd64 (1.3.3+ds-1) ...
#5 71.75 Setting up gcc-12 (12.2.0-14+deb12u1) ...
#5 71.77 Setting up libgd3:amd64 (2.3.3-9) ...
#5 71.78 Setting up libxcb-render0-dev:amd64 (1.15-1) ...
#5 71.80 Setting up libxext-dev:amd64 (2:1.3.4-1+b1) ...
#5 71.85 Setting up libthai-dev:amd64 (0.1.29-1) ...
#5 71.87 Setting up libgdk-pixbuf2.0-bin (2.42.10+dfsg-1+deb12u2) ...
#5 71.89 Setting up libnsl2:amd64 (1.3.0-2) ...
#5 71.91 Setting up libharfbuzz-subset0:amd64 (6.0.0+dfsg-3) ...
#5 71.93 Setting up libcairo-gobject2:amd64 (1.16.0-7) ...
#5 71.94 Setting up libpangoft2-1.0-0:amd64 (1.50.12+ds-1) ...
#5 71.96 Setting up libxrender-dev:amd64 (1:0.9.10-1.1) ...
#5 71.98 Setting up libpangocairo-1.0-0:amd64 (1.50.12+ds-1) ...
#5 72.00 Setting up libc-devtools (2.36-9+deb12u13) ...
#5 72.02 Setting up libcairo-script-interpreter2:amd64 (1.16.0-7) ...
#5 72.04 Setting up libxft2:amd64 (2.3.6-1) ...
#5 72.06 Setting up libpangoxft-1.0-0:amd64 (1.50.12+ds-1) ...
#5 72.08 Setting up libpython3.11-stdlib:amd64 (3.11.2-6+deb12u6) ...
#5 72.10 Setting up pango1.0-tools (1.50.12+ds-1) ...
#5 72.12 Setting up gcc (4:12.2.0-3) ...
#5 72.16 Setting up librsvg2-2:amd64 (2.54.7+dfsg-1~deb12u1) ...
#5 72.18 Setting up gir1.2-pango-1.0:amd64 (1.50.12+ds-1) ...
#5 72.20 Setting up librsvg2-common:amd64 (2.54.7+dfsg-1~deb12u1) ...
#5 72.23 Setting up libnsl-dev:amd64 (1.3.0-2) ...
#5 72.25 Setting up libc6-dev:amd64 (2.36-9+deb12u13) ...
#5 72.27 Setting up gir1.2-rsvg-2.0:amd64 (2.54.7+dfsg-1~deb12u1) ...
#5 72.29 Setting up libicu-dev:amd64 (72.1-3+deb12u1) ...
#5 72.31 Setting up libpython3-stdlib:amd64 (3.11.2-1+b1) ...
#5 72.32 Setting up python3.11 (3.11.2-6+deb12u6) ...
#5 73.49 Setting up libpcre2-dev:amd64 (10.42-1) ...
#5 73.52 Setting up libstdc++-12-dev:amd64 (12.2.0-14+deb12u1) ...
#5 73.54 Setting up libselinux1-dev:amd64 (3.4-1+b6) ...
#5 73.56 Setting up python3 (3.11.2-1+b1) ...
#5 73.59 running python rtupdate hooks for python3.11...
#5 73.92 running python post-rtupdate hooks for python3.11...
#5 74.09 Setting up libexpat1-dev:amd64 (2.5.0-1+deb12u2) ...
#5 74.11 Setting up libjpeg62-turbo-dev:amd64 (1:2.1.5-2) ...
#5 74.13 Setting up uuid-dev:amd64 (2.38.1-5+deb12u3) ...
#5 74.15 Setting up zlib1g-dev:amd64 (1:1.2.13.dfsg-1) ...
#5 74.17 Setting up python3-lib2to3 (3.11.2-3) ...
#5 74.33 Setting up g++-12 (12.2.0-14+deb12u1) ...
#5 74.35 Setting up python3-distutils (3.11.2-3) ...
#5 74.59 Setting up libglib2.0-dev-bin (2.74.6-2+deb12u7) ...
#5 74.80 Setting up libblkid-dev:amd64 (2.38.1-5+deb12u3) ...
#5 74.82 Setting up libpng-dev:amd64 (1.6.39-2+deb12u1) ...
#5 74.85 Setting up libjpeg-dev:amd64 (1:2.1.5-2) ...
#5 74.86 Setting up libfreetype-dev:amd64 (2.12.1+dfsg-5+deb12u4) ...
#5 74.88 Setting up libtiff-dev:amd64 (4.5.0-6+deb12u3) ...
#5 74.90 Setting up g++ (4:12.2.0-3) ...
#5 74.92 update-alternatives: using /usr/bin/g++ to provide /usr/bin/c++ (c++) in auto mode
#5 74.93 Setting up libmount-dev:amd64 (2.38.1-5+deb12u3) ...
#5 74.96 Setting up libfontconfig-dev:amd64 (2.14.1-4) ...
#5 74.98 Setting up libglib2.0-dev:amd64 (2.74.6-2+deb12u7) ...
#5 75.00 Setting up libcairo2-dev:amd64 (1.16.0-7) ...
#5 75.02 Setting up libxft-dev:amd64 (2.3.6-1) ...
#5 75.04 Setting up libgdk-pixbuf-2.0-dev:amd64 (2.42.10+dfsg-1+deb12u2) ...
#5 75.06 Setting up libharfbuzz-dev:amd64 (6.0.0+dfsg-3) ...
#5 75.08 Setting up libpango1.0-dev:amd64 (1.50.12+ds-1) ...
#5 75.10 Setting up librsvg2-dev:amd64 (2.54.7+dfsg-1~deb12u1) ...
#5 75.12 Processing triggers for libc-bin (2.36-9+deb12u13) ...
#5 75.17 Processing triggers for ca-certificates (20230311+deb12u1) ...
#5 75.18 Updating certificates in /etc/ssl/certs...
#5 76.01 0 added, 0 removed; done.
#5 76.01 Running hooks in /etc/ca-certificates/update.d...
#5 76.01 done.
#5 76.06 Processing triggers for libgdk-pixbuf-2.0-0:amd64 (2.42.10+dfsg-1+deb12u2) ...
#5 DONE 76.4s

#7 [3/8] WORKDIR /app
#7 DONE 0.2s

#8 [4/8] COPY package.json ./
#8 DONE 0.1s

#9 [5/8] RUN npm install
#9 33.67 npm warn deprecated scmp@2.1.0: Just use Node.js's crypto.timingSafeEqual()
#9 33.98 npm warn deprecated glob@7.2.3: Glob versions prior to v9 are no longer supported
#9 34.01 npm warn deprecated inflight@1.0.6: This module is not supported, and leaks memory. Do not use it. Check out lru-cache if you want a good and tested way to coalesce async requests by a key value, which is much more comprehensive and powerful.
#9 34.35 npm warn deprecated are-we-there-yet@2.0.0: This package is no longer supported.
#9 34.60 npm warn deprecated gauge@3.0.2: This package is no longer supported.
#9 34.77 npm warn deprecated npmlog@5.0.1: This package is no longer supported.
#9 34.78 npm warn deprecated gm@1.25.1: The gm module has been sunset. Please migrate to an alternative. https://github.com/aheckmann/gm?tab=readme-ov-file#2025-02-24-this-project-is-not-maintained
#9 34.79 npm warn deprecated @esbuild-kit/core-utils@3.3.2: Merged into tsx: https://tsx.is
#9 34.80 npm warn deprecated @esbuild-kit/esm-loader@2.6.5: Merged into tsx: https://tsx.is
#9 34.82 npm warn deprecated rimraf@3.0.2: Rimraf versions prior to v4 are no longer supported
#9 92.68 
#9 92.68 added 290 packages, and audited 291 packages in 2m
#9 92.68 
#9 92.68 33 packages are looking for funding
#9 92.68   run `npm fund` for details
#9 92.71 
#9 92.71 5 vulnerabilities (4 moderate, 1 high)
#9 92.71 
#9 92.71 To address all issues (including breaking changes), run:
#9 92.71   npm audit fix --force
#9 92.71 
#9 92.71 Run `npm audit` for details.
#9 92.71 npm notice
#9 92.71 npm notice New major version of npm available! 10.9.4 -> 11.7.0
#9 92.71 npm notice Changelog: https://github.com/npm/cli/releases/tag/v11.7.0
#9 92.71 npm notice To update run: npm install -g npm@11.7.0
#9 92.71 npm notice
#9 DONE 93.0s

#10 [6/8] COPY . .
#10 DONE 0.4s

#11 [7/8] RUN npm run build
#11 0.607 
#11 0.607 > admin-backend@1.0.0 build
#11 0.607 > esbuild src/index.ts --bundle --platform=node --format=esm --outdir=dist --external:better-sqlite3 --external:pg-native --external:canvas --external:sharp --external:@google/generative-ai --external:jsqr --banner:js="import { createRequire } from 'module'; const require = createRequire(import.meta.url);"
#11 0.607 
#11 0.926 
#11 0.926   dist/index.js  7.0mb ΓÜá∩╕Å
#11 0.926 
#11 0.926 ΓÜí Done in 307ms
#11 DONE 1.0s

#12 [8/8] RUN mkdir uploads
#12 0.570 mkdir: cannot create directory 'uploads': File exists
#12 ERROR: process "/bin/sh -c mkdir uploads" did not complete successfully: exit code: 1
------
 > [8/8] RUN mkdir uploads:
0.570 mkdir: cannot create directory 'uploads': File exists
------
Dockerfile:18
--------------------
  16 |     COPY . .
  17 |     RUN npm run build
  18 | >>> RUN mkdir uploads
  19 |     EXPOSE 4000
  20 |     CMD ["npm", "start"]
--------------------
ERROR: failed to build: failed to solve: process "/bin/sh -c mkdir uploads" did not complete successfully: exit code: 1

View build details: docker-desktop://dashboard/build/desktop-linux/desktop-linux/j5ghst5jho8huclb053twtcix
