
> admin-backend@1.0.0 build
> esbuild src/index.ts --bundle --platform=node --format=esm --outdir=dist --external:better-sqlite3 --external:pg-native

X [ERROR] No loader is configured for ".node" files: ../../node_modules/canvas/build/Release/canvas.node

    ../../node_modules/canvas/lib/bindings.js:3:25:
      3 Γöé const bindings = require('../build/Release/canvas.node')
        Γò╡                          ~~~~~~~~~~~~~~~~~~~~~~~~~~~~~~

1 error
node:child_process:955
    throw err;
    ^

Error: Command failed: C:\Users\Artem Vashchuk\Downloads\Fuel-Flow2\Fuel-Flow\admin-panel\backend\node_modules\@esbuild\win32-x64\esbuild.exe src/index.ts --bundle --platform=node --format=esm --outdir=dist --external:better-sqlite3 --external:pg-native
    at genericNodeError (node:internal/errors:983:15)
    at wrappedFn (node:internal/errors:537:14)
    at checkExecSyncError (node:child_process:916:11)
    at Object.execFileSync (node:child_process:952:15)
    at Object.<anonymous> (C:\Users\Artem Vashchuk\Downloads\Fuel-Flow2\Fuel-Flow\admin-panel\backend\node_modules\esbuild\bin\esbuild:222:28)
    at Module._compile (node:internal/modules/cjs/loader:1706:14)
    at Object..js (node:internal/modules/cjs/loader:1839:10)
    at Module.load (node:internal/modules/cjs/loader:1441:32)
    at Function._load (node:internal/modules/cjs/loader:1263:12)
    at TracingChannel.traceSync (node:diagnostics_channel:328:14) {
  status: 1,
  signal: null,
  output: [ null, null, null ],
  pid: 13456,
  stdout: null,
  stderr: null
}

Node.js v22.21.0
